<?xml version="1.0" encoding="UTF-8"?>
<!-- Generated by org.testng.reporters.JUnitXMLReporter -->
<testsuite ignored="10" hostname="DESKTOP-O9O0H4Q" failures="0" tests="1" name="Default test" time="23.523" errors="0" timestamp="2025-04-14T11:17:07 IST">
  <testcase classname="com.ixfi.testcases.LoginPageTest" name="verifyThatUserIsNavigatedToLoginPage" time="1.446"/>
  <testcase classname="com.ixfi.testcases.LoginPageTest" name="verifyUserIsAbleToClickOnForgotPasswordLinkAndForgotPasswordPageTitle" time="0.0">
    <ignored/>
  </testcase> <!-- verifyUserIsAbleToClickOnForgotPasswordLinkAndForgotPasswordPageTitle -->
  <testcase classname="com.ixfi.testcases.LoginPageTest" name="verifyThatTheDayLightButtonIsClickableAndAbleToChangeTheDarkAndLightMode" time="0.0">
    <ignored/>
  </testcase> <!-- verifyThatTheDayLightButtonIsClickableAndAbleToChangeTheDarkAndLightMode -->
  <testcase classname="com.ixfi.testcases.LoginPageTest" name="verifyThatUserIsNavigatedToSignUpPageByClickingSingUpNowLink" time="0.0">
    <ignored/>
  </testcase> <!-- verifyThatUserIsNavigatedToSignUpPageByClickingSingUpNowLink -->
  <testcase classname="com.ixfi.testcases.LoginPageTest" name="verifyLoginByEmailFunctionality" time="0.0">
    <ignored/>
  </testcase> <!-- verifyLoginByEmailFunctionality -->
  <testcase classname="com.ixfi.testcases.LoginPageTest" name="verifyThatByClickingOnIXFILogoTheUserIsNavigatedBackToTheIndexPage" time="0.0">
    <ignored/>
  </testcase> <!-- verifyThatByClickingOnIXFILogoTheUserIsNavigatedBackToTheIndexPage -->
  <testcase classname="com.ixfi.testcases.LoginPageTest" name="verifyThatUserIsNotAbleToLoginByInvalidEmailAndPassword" time="0.0">
    <ignored/>
  </testcase> <!-- verifyThatUserIsNotAbleToLoginByInvalidEmailAndPassword -->
  <testcase classname="com.ixfi.testcases.LoginPageTest" name="verifyThatUserIsAbleToClickOnDownloadButtonPresentOnTop" time="0.0">
    <ignored/>
  </testcase> <!-- verifyThatUserIsAbleToClickOnDownloadButtonPresentOnTop -->
  <testcase classname="com.ixfi.testcases.LoginPageTest" name="verifyThatUserIsAbleToClickOnEyeIconAndGrabTheTextOfPassword" time="0.0">
    <ignored/>
  </testcase> <!-- verifyThatUserIsAbleToClickOnEyeIconAndGrabTheTextOfPassword -->
  <testcase classname="com.ixfi.testcases.LoginPageTest" name="verifyThatByClickingOnIXFILogoAndNotAcceptingThePopUPTheUserIsNotNavigatedBackToTheIndexPage" time="0.0">
    <ignored/>
  </testcase> <!-- verifyThatByClickingOnIXFILogoAndNotAcceptingThePopUPTheUserIsNotNavigatedBackToTheIndexPage -->
  <testcase classname="com.ixfi.testcases.LoginPageTest" name="verifyLoginByPhoneNumberFunctionality" time="0.0">
    <ignored/>
  </testcase> <!-- verifyLoginByPhoneNumberFunctionality -->
</testsuite> <!-- Default test -->
