<?xml version="1.0" encoding="UTF-8"?>
<!-- Generated by org.testng.reporters.JUnitXMLReporter -->
<testsuite ignored="14" hostname="DESKTOP-O9O0H4Q" failures="11" tests="101" name="Test_All" time="2876.618" errors="0" timestamp="2025-05-22T12:33:59 IST">
  <testcase classname="com.ixfi.basepage.BaseClass" name="@BeforeMethod setup" time="35.103">
    <failure type="org.openqa.selenium.TimeoutException" message="Expected condition failed: waiting for invisibility of all elements [[[ChromeDriver: chrome on windows (4022cae35b81b71439941f3798832a07)] -&amp;gt; class name: loader-container]] (tried for 20 second(s) with 500 milliseconds interval)
Build info: version: &amp;apos;4.26.0&amp;apos;, revision: &amp;apos;8ccf0219d7&amp;apos;
System info: os.name: &amp;apos;Windows 11&amp;apos;, os.arch: &amp;apos;amd64&amp;apos;, os.version: &amp;apos;10.0&amp;apos;, java.version: &amp;apos;23.0.2&amp;apos;
Driver info: org.openqa.selenium.chrome.ChromeDriver
Capabilities {acceptInsecureCerts: false, browserName: chrome, browserVersion: 136.0.7103.114, chrome: {chromedriverVersion: 136.0.7103.113 (76fa3c17824..., userDataDir: C:\Users\Dell\AppData\Local...}, fedcm:accounts: true, goog:chromeOptions: {debuggerAddress: localhost:53979}, networkConnectionEnabled: false, pageLoadStrategy: normal, platformName: windows, proxy: Proxy(), se:cdp: ws://localhost:53979/devtoo..., se:cdpVersion: 136.0.7103.114, setWindowRect: true, strictFileInteractability: false, timeouts: {implicit: 0, pageLoad: 300000, script: 30000}, unhandledPromptBehavior: dismiss and notify, webauthn:extension:credBlob: true, webauthn:extension:largeBlob: true, webauthn:extension:minPinLength: true, webauthn:extension:prf: true, webauthn:virtualAuthenticators: true}
Session ID: 4022cae35b81b71439941f3798832a07">
      <![CDATA[org.openqa.selenium.TimeoutException: Expected condition failed: waiting for invisibility of all elements [[[ChromeDriver: chrome on windows (4022cae35b81b71439941f3798832a07)] -> class name: loader-container]] (tried for 20 second(s) with 500 milliseconds interval)
Build info: version: '4.26.0', revision: '8ccf0219d7'
System info: os.name: 'Windows 11', os.arch: 'amd64', os.version: '10.0', java.version: '23.0.2'
Driver info: org.openqa.selenium.chrome.ChromeDriver
Capabilities {acceptInsecureCerts: false, browserName: chrome, browserVersion: 136.0.7103.114, chrome: {chromedriverVersion: 136.0.7103.113 (76fa3c17824..., userDataDir: C:\Users\Dell\AppData\Local...}, fedcm:accounts: true, goog:chromeOptions: {debuggerAddress: localhost:53979}, networkConnectionEnabled: false, pageLoadStrategy: normal, platformName: windows, proxy: Proxy(), se:cdp: ws://localhost:53979/devtoo..., se:cdpVersion: 136.0.7103.114, setWindowRect: true, strictFileInteractability: false, timeouts: {implicit: 0, pageLoad: 300000, script: 30000}, unhandledPromptBehavior: dismiss and notify, webauthn:extension:credBlob: true, webauthn:extension:largeBlob: true, webauthn:extension:minPinLength: true, webauthn:extension:prf: true, webauthn:virtualAuthenticators: true}
Session ID: 4022cae35b81b71439941f3798832a07
at org.openqa.selenium.support.ui.WebDriverWait.timeoutException(WebDriverWait.java:84)
at org.openqa.selenium.support.ui.FluentWait.until(FluentWait.java:228)
at com.ixfi.actiondriver.Action.waitForLoaderToDisappear(Action.java:92)
at com.ixfi.basepage.BaseClass.launchApp(BaseClass.java:126)
at com.ixfi.basepage.BaseClass.setup(BaseClass.java:87)
at java.base/java.util.ArrayList.forEach(ArrayList.java:1597)
... Removed 29 stack frames]]>
    </failure>
  </testcase> <!-- @BeforeMethod setup -->
  <testcase classname="com.ixfi.testcases.TradePageTest" name="@BeforeMethod setUpTest" time="-1.74789743921E9">
    <skipped/>
  </testcase> <!-- @BeforeMethod setUpTest -->
  <testcase classname="com.ixfi.basepage.BaseClass" name="@AfterMethod tearDown" time="-1.747897439299E9">
    <skipped/>
  </testcase> <!-- @AfterMethod tearDown -->
  <testcase classname="com.ixfi.basepage.BaseClass" name="@BeforeMethod setup" time="-1.747897439306E9">
    <skipped/>
  </testcase> <!-- @BeforeMethod setup -->
  <testcase classname="com.ixfi.testcases.TradePageTest" name="@BeforeMethod setUpTest" time="-1.74789743931E9">
    <skipped/>
  </testcase> <!-- @BeforeMethod setUpTest -->
  <testcase classname="com.ixfi.basepage.BaseClass" name="@AfterMethod tearDown" time="-1.747897439327E9">
    <skipped/>
  </testcase> <!-- @AfterMethod tearDown -->
  <testcase classname="com.ixfi.basepage.BaseClass" name="@BeforeMethod setup" time="-1.747897439331E9">
    <skipped/>
  </testcase> <!-- @BeforeMethod setup -->
  <testcase classname="com.ixfi.testcases.TradePageTest" name="@BeforeMethod setUpTest" time="-1.747897439334E9">
    <skipped/>
  </testcase> <!-- @BeforeMethod setUpTest -->
  <testcase classname="com.ixfi.basepage.BaseClass" name="@AfterMethod tearDown" time="-1.747897439347E9">
    <skipped/>
  </testcase> <!-- @AfterMethod tearDown -->
  <testcase classname="com.ixfi.testcases.IndexPageTest" name="validateMarketTrendGainersTableDataTest" time="6.671"/>
  <testcase classname="com.ixfi.testcases.IndexPageTest" name="validateMarketTrendLosersTableDataTest" time="5.905"/>
  <testcase classname="com.ixfi.testcases.IndexPageTest" name="validateMarketTrendTopTableDataTest" time="6.449"/>
  <testcase classname="com.ixfi.testcases.IndexPageTest" name="verifyDetailsButtonFromTheMarketTablesActionColumnIsClickableAndOpenItInNewTab" time="3.655">
    <failure type="java.lang.AssertionError" message="Test failed due to an exception.">
      <![CDATA[java.lang.AssertionError: Test failed due to an exception.
at com.ixfi.testcases.IndexPageTest.verifyDetailsButtonFromTheMarketTablesActionColumnIsClickableAndOpenItInNewTab(IndexPageTest.java:677)
at java.base/java.util.ArrayList.forEach(ArrayList.java:1597)
... Removed 26 stack frames]]>
    </failure>
  </testcase> <!-- verifyDetailsButtonFromTheMarketTablesActionColumnIsClickableAndOpenItInNewTab -->
  <testcase classname="com.ixfi.testcases.IndexPageTest" name="verifyDownloadButtonIsClickableUnderHamburgerMenu" time="7.169"/>
  <testcase classname="com.ixfi.testcases.IndexPageTest" name="verifyIXFIWebPageTitle" time="0.051"/>
  <testcase classname="com.ixfi.testcases.IndexPageTest" name="verifyLangaugeButtonIsClickableUnderHamburgerMenuAndUserIsAbleToExtractTheLanguagesAndClickOnThem" time="14.277"/>
  <testcase classname="com.ixfi.testcases.IndexPageTest" name="verifyLoginButtonIsClickable" time="3.675"/>
  <testcase classname="com.ixfi.testcases.IndexPageTest" name="verifyLoginButtonIsClickableAndUserIsNavigatedToLoginPage" time="4.633"/>
  <testcase classname="com.ixfi.testcases.IndexPageTest" name="verifyPresenceOfIxfiLogo" time="0.089"/>
  <testcase classname="com.ixfi.testcases.IndexPageTest" name="verifySignUpButtonIsClickable" time="0.46"/>
  <testcase classname="com.ixfi.testcases.IndexPageTest" name="verifyThatBottomSectionsDownloadAppWillOpenInNewTab" time="14.667"/>
  <testcase classname="com.ixfi.testcases.IndexPageTest" name="verifyThatCurrencyButtonIsClickableUnderHamburgerMenuAndUserIsAbleToSelectTheCurrency" time="13.058"/>
  <testcase classname="com.ixfi.testcases.IndexPageTest" name="verifyThatStartTradingNowButtonIsClickableAndUserIsNavigatedToTradePage" time="4.256">
    <failure type="java.lang.AssertionError" message="TradePage Actual and expected titles are not matched,Please verify Again expected [BTCUSDT Trading and Charts | IXFI Spot Trading] but found [BTCUSDC Trading and Charts | IXFI Spot Trading]">
      <![CDATA[java.lang.AssertionError: TradePage Actual and expected titles are not matched,Please verify Again expected [BTCUSDT Trading and Charts | IXFI Spot Trading] but found [BTCUSDC Trading and Charts | IXFI Spot Trading]
at com.ixfi.testcases.IndexPageTest.verifyThatStartTradingNowButtonIsClickableAndUserIsNavigatedToTradePage(IndexPageTest.java:728)
at java.base/java.util.ArrayList.forEach(ArrayList.java:1597)
... Removed 30 stack frames]]>
    </failure>
  </testcase> <!-- verifyThatStartTradingNowButtonIsClickableAndUserIsNavigatedToTradePage -->
  <testcase classname="com.ixfi.testcases.IndexPageTest" name="verifyThatTheIXFITokenCardSectionIsVisible" time="2.51"/>
  <testcase classname="com.ixfi.testcases.IndexPageTest" name="verifyThatTopSectionsDownloadAppWillOpenInNewTab" time="7.873"/>
  <testcase classname="com.ixfi.testcases.IndexPageTest" name="verifyThatUserIsAbleToClickIXFIBannerLinkAndOpenItInNewTab" time="4.719"/>
  <testcase classname="com.ixfi.testcases.IndexPageTest" name="verifyThatUserIsAbleToClickOnCompleteTaskSectionAndAbleToNavigateToTheRewardsProgramTaskCenterPage" time="6.666"/>
  <testcase classname="com.ixfi.testcases.IndexPageTest" name="verifyThatUserIsAbleToClickOnGetFreeCryptoSectionAndAbleToNavigateToTheRewardsProgramPage" time="14.354"/>
  <testcase classname="com.ixfi.testcases.IndexPageTest" name="verifyThatUserIsAbleToClickOnJoinIXFISectionAndAbleToNavigateToTheSignUpPage" time="4.213"/>
  <testcase classname="com.ixfi.testcases.IndexPageTest" name="verifyThatUserIsAbleToNavigateToTheEarnPlatformRewardsProgramSectionAndValidateTheParagraphOfTheSection" time="0.234"/>
  <testcase classname="com.ixfi.testcases.IndexPageTest" name="verifyThatUserIsAbleToNavigateToTheEarnPlatformRewardsProgramSectionAndValidateTheTitleOfTheSection" time="0.213"/>
  <testcase classname="com.ixfi.testcases.IndexPageTest" name="verifyThatWeeklySummaryReportSectionIsPresentAndUserIsAbleToClickOnReadMoreButtonAndOpenTheSummaryReportOnNewTab" time="54.985"/>
  <testcase classname="com.ixfi.testcases.IndexPageTest" name="verifyTheDayLightModeIsChangingWhenUserClicksOnItFromDayToNightMode" time="0.969"/>
  <testcase classname="com.ixfi.testcases.IndexPageTest" name="verifyTheDayLightModeIsChangingWhenUserClicksOnItFromNightToDayMode" time="1.704"/>
  <testcase classname="com.ixfi.testcases.IndexPageTest" name="verifyThePresenceOfCryptoParaText" time="0.09"/>
  <testcase classname="com.ixfi.testcases.IndexPageTest" name="verifyThePresenceOfGen3_0CryptoExchangeText" time="0.081"/>
  <testcase classname="com.ixfi.testcases.IndexPageTest" name="verifyThePresenceOfHeaderMenu" time="2.689"/>
  <testcase classname="com.ixfi.testcases.IndexPageTest" name="verifyThePresenceOfResearchMenuDD" time="0.467"/>
  <testcase classname="com.ixfi.testcases.IndexPageTest" name="verifyThePresenceOfRewardsProgramMenuDD" time="0.446"/>
  <testcase classname="com.ixfi.testcases.IndexPageTest" name="verifyThePresenceOfTradeMenuDD" time="0.346"/>
  <testcase classname="com.ixfi.testcases.IndexPageTest" name="verifyTradeButtonFromTheMarketTablesActionColumnIsClickableAndOpenItInNewTab" time="1.569">
    <failure type="java.lang.AssertionError" message="Test failed due to an exception.">
      <![CDATA[java.lang.AssertionError: Test failed due to an exception.
at com.ixfi.testcases.IndexPageTest.verifyTradeButtonFromTheMarketTablesActionColumnIsClickableAndOpenItInNewTab(IndexPageTest.java:710)
at java.base/java.util.ArrayList.forEach(ArrayList.java:1597)
... Removed 26 stack frames]]>
    </failure>
  </testcase> <!-- verifyTradeButtonFromTheMarketTablesActionColumnIsClickableAndOpenItInNewTab -->
  <testcase classname="com.ixfi.testcases.IndexPageTest" name="verifyUserIsAbleToClickOnAirdropsCardAndAbleToNavigateToAirdropsPage" time="2.579"/>
  <testcase classname="com.ixfi.testcases.IndexPageTest" name="verifyUserIsAbleToClickOnConvertFeeCardAndAbleToNavigateToConvertPage" time="5.817"/>
  <testcase classname="com.ixfi.testcases.IndexPageTest" name="verifyUserIsAbleToClickOnReferralProgramCardAndAbleToNavigateToReferralProgamPage" time="5.457"/>
  <testcase classname="com.ixfi.testcases.IndexPageTest" name="verifyUserIsAbleToClickOnRewardsCenterCardAndAbleToNavigateToRewardsPage" time="3.055"/>
  <testcase classname="com.ixfi.testcases.SignUpPageTest" name="verifyCreateAccountButtonRemainsDisabledUntilTermsAndConditionsAcceptanceTest" time="1.533"/>
  <testcase classname="com.ixfi.testcases.SignUpPageTest" name="verifyCreateAccountByEmailFunctionalityTest" time="11.929"/>
  <testcase classname="com.ixfi.testcases.SignUpPageTest" name="verifyCreateAccountByPhoneFunctionalityTest" time="1.714"/>
  <testcase classname="com.ixfi.testcases.SignUpPageTest" name="verifyThatEyeButtonIsClickableAndBothPasswordIsCorrect" time="6.764"/>
  <testcase classname="com.ixfi.testcases.SignUpPageTest" name="verifyThatTheDayLightButtonIsClickableAndAbleToChangeTheDarkAndLightMode" time="8.859"/>
  <testcase classname="com.ixfi.testcases.SignUpPageTest" name="verifyThatUserIsNavigatedToLoginPageAfterClickinOnLoginLinkPresentOnSignUpPageTest" time="6.214"/>
  <testcase classname="com.ixfi.testcases.SignUpPageTest" name="verifyThatUserIsNavigatedToSignUpPageAfterClickingOnRegisterButton" time="1.19"/>
  <testcase classname="com.ixfi.testcases.SignUpPageTest" name="verifyThatWhenUserEntersWrongInputsWhileSignUpWithEmailItShowsProperValidationMessage" time="3.013"/>
  <testcase classname="com.ixfi.testcases.SignUpPageTest" name="verifyThatWhenUserEntersWrongInputsWhileSignUpWithPhoneNumberItShowsProperValidationMessage" time="1.485"/>
  <testcase classname="com.ixfi.testcases.SignUpPageTest" name="verifyUserIsNavigatedBackToTheHomePageByClickingOnIxfiLogo" time="9.653"/>
  <testcase classname="com.ixfi.testcases.SignUpPageTest" name="verifyUserIsNotNavigatedBackToTheHomePageByClickingOnIxfiLogoAndNoOnPopup" time="5.938"/>
  <testcase classname="com.ixfi.testcases.LoginPageTest" name="verifyLoginByEmailFunctionality" time="24.65">
    <failure type="org.openqa.selenium.TimeoutException" message="Expected condition failed: waiting for element to be clickable: Proxy element for: DefaultElementLocator &amp;apos;By.xpath: //button[text()=&amp;apos; Send OTP &amp;apos;]&amp;apos; (tried for 15 second(s) with 500 milliseconds interval)">
      <![CDATA[org.openqa.selenium.TimeoutException: Expected condition failed: waiting for element to be clickable: Proxy element for: DefaultElementLocator 'By.xpath: //button[text()=' Send OTP ']' (tried for 15 second(s) with 500 milliseconds interval)
at org.openqa.selenium.support.ui.WebDriverWait.timeoutException(WebDriverWait.java:84)
at org.openqa.selenium.support.ui.FluentWait.until(FluentWait.java:228)
at com.ixfi.actiondriver.Action.waitForElementToBeClickable(Action.java:57)
at com.ixfi.actiondriver.Action.click(Action.java:76)
at com.ixfi.pageobjects.AuthValidationPage.enterOTP(AuthValidationPage.java:50)
at com.ixfi.pageobjects.LoginPage.loginUsingEmailID(LoginPage.java:119)
at com.ixfi.testcases.LoginPageTest.verifyLoginByEmailFunctionality(LoginPageTest.java:59)
at java.base/java.util.ArrayList.forEach(ArrayList.java:1597)
Caused by: org.openqa.selenium.NoSuchElementException: no such element: Unable to locate element: {"method":"xpath","selector":"//button[text()=' Send OTP ']"}
  (Session info: chrome=136.0.7103.114)
For documentation on this error, please visit: https://www.selenium.dev/documentation/webdriver/troubleshooting/errors#no-such-element-exception
Build info: version: '4.26.0', revision: '8ccf0219d7'
System info: os.name: 'Windows 11', os.arch: 'amd64', os.version: '10.0', java.version: '23.0.2'
Driver info: org.openqa.selenium.chrome.ChromeDriver
Command: [765606026fca02e1433a576930129b9d, findElement {using=xpath, value=//button[text()=' Send OTP ']}]
Capabilities {acceptInsecureCerts: false, browserName: chrome, browserVersion: 136.0.7103.114, chrome: {chromedriverVersion: 136.0.7103.113 (76fa3c17824..., userDataDir: C:\Users\Dell\AppData\Local...}, fedcm:accounts: true, goog:chromeOptions: {debuggerAddress: localhost:59196}, networkConnectionEnabled: false, pageLoadStrategy: normal, platformName: windows, proxy: Proxy(), se:cdp: ws://localhost:59196/devtoo..., se:cdpVersion: 136.0.7103.114, setWindowRect: true, strictFileInteractability: false, timeouts: {implicit: 0, pageLoad: 300000, script: 30000}, unhandledPromptBehavior: dismiss and notify, webauthn:extension:credBlob: true, webauthn:extension:largeBlob: true, webauthn:extension:minPinLength: true, webauthn:extension:prf: true, webauthn:virtualAuthenticators: true}
Session ID: 765606026fca02e1433a576930129b9d
at org.openqa.selenium.remote.ErrorCodec.decode(ErrorCodec.java:167)
at org.openqa.selenium.remote.codec.w3c.W3CHttpResponseCodec.decode(W3CHttpResponseCodec.java:138)
at org.openqa.selenium.remote.codec.w3c.W3CHttpResponseCodec.decode(W3CHttpResponseCodec.java:50)
at org.openqa.selenium.remote.HttpCommandExecutor.execute(HttpCommandExecutor.java:190)
at org.openqa.selenium.remote.service.DriverCommandExecutor.invokeExecute(DriverCommandExecutor.java:216)
at org.openqa.selenium.remote.service.DriverCommandExecutor.execute(DriverCommandExecutor.java:174)
at org.openqa.selenium.remote.RemoteWebDriver.execute(RemoteWebDriver.java:545)
at org.openqa.selenium.remote.ElementLocation$ElementFinder$2.findElement(ElementLocation.java:165)
at org.openqa.selenium.remote.ElementLocation.findElement(ElementLocation.java:59)
at org.openqa.selenium.remote.RemoteWebDriver.findElement(RemoteWebDriver.java:368)
at org.openqa.selenium.remote.RemoteWebDriver.findElement(RemoteWebDriver.java:362)
at org.openqa.selenium.support.pagefactory.DefaultElementLocator.findElement(DefaultElementLocator.java:68)
at org.openqa.selenium.support.pagefactory.internal.LocatingElementHandler.invoke(LocatingElementHandler.java:38)
at jdk.proxy2/jdk.proxy2.$Proxy32.isDisplayed(Unknown Source)
at org.openqa.selenium.support.ui.ExpectedConditions.elementIfVisible(ExpectedConditions.java:304)
at org.openqa.selenium.support.ui.ExpectedConditions$10.apply(ExpectedConditions.java:290)
at org.openqa.selenium.support.ui.ExpectedConditions$10.apply(ExpectedConditions.java:287)
at org.openqa.selenium.support.ui.ExpectedConditions$23.apply(ExpectedConditions.java:656)
at org.openqa.selenium.support.ui.ExpectedConditions$23.apply(ExpectedConditions.java:652)
at org.openqa.selenium.support.ui.FluentWait.until(FluentWait.java:203)
... 31 more
... Removed 28 stack frames]]>
    </failure>
  </testcase> <!-- verifyLoginByEmailFunctionality -->
  <testcase classname="com.ixfi.testcases.LoginPageTest" name="verifyLoginByPhoneNumberFunctionality" time="42.336"/>
  <testcase classname="com.ixfi.testcases.LoginPageTest" name="verifyThatByClickingOnIXFILogoAndNotAcceptingThePopUPTheUserIsNotNavigatedBackToTheIndexPage" time="5.231"/>
  <testcase classname="com.ixfi.testcases.LoginPageTest" name="verifyThatByClickingOnIXFILogoTheUserIsNavigatedBackToTheIndexPage" time="6.164"/>
  <testcase classname="com.ixfi.testcases.LoginPageTest" name="verifyThatTheDayLightButtonIsClickableAndAbleToChangeTheDarkAndLightMode" time="8.682"/>
  <testcase classname="com.ixfi.testcases.LoginPageTest" name="verifyThatUserIsAbleToClickOnDownloadButtonPresentOnTop" time="4.741"/>
  <testcase classname="com.ixfi.testcases.LoginPageTest" name="verifyThatUserIsAbleToClickOnEyeIconAndGrabTheTextOfPassword" time="4.613"/>
  <testcase classname="com.ixfi.testcases.LoginPageTest" name="verifyThatUserIsNavigatedToLoginPage" time="0.907"/>
  <testcase classname="com.ixfi.testcases.LoginPageTest" name="verifyThatUserIsNavigatedToSignUpPageByClickingSingUpNowLink" time="0.995"/>
  <testcase classname="com.ixfi.testcases.LoginPageTest" name="verifyThatUserIsNotAbleToLoginByInvalidEmailAndPassword" time="9.216"/>
  <testcase classname="com.ixfi.testcases.LoginPageTest" name="verifyUserIsAbleToClickOnForgotPasswordLinkAndForgotPasswordPageTitle" time="2.216"/>
  <testcase classname="com.ixfi.testcases.ForgotPasswordPageTest" name="verifyPasswordResetLinkIsSentOnTheRegisteredEmailID" time="47.123">
    <failure type="org.openqa.selenium.TimeoutException" message="Expected condition failed: waiting for visibility of Proxy element for: DefaultElementLocator &amp;apos;By.xpath: //img[@role=&amp;apos;presentation&amp;apos;]&amp;apos; (tried for 10 second(s) with 500 milliseconds interval)">
      <![CDATA[org.openqa.selenium.TimeoutException: Expected condition failed: waiting for visibility of Proxy element for: DefaultElementLocator 'By.xpath: //img[@role='presentation']' (tried for 10 second(s) with 500 milliseconds interval)
at org.openqa.selenium.support.ui.WebDriverWait.timeoutException(WebDriverWait.java:84)
at org.openqa.selenium.support.ui.FluentWait.until(FluentWait.java:228)
at com.ixfi.actiondriver.Action.waitForElementToBeVisible(Action.java:51)
at com.ixfi.pageobjects.GmailPage.waitForGmailToLoadProperly(GmailPage.java:66)
at com.ixfi.testcases.ForgotPasswordPageTest.verifyPasswordResetLinkIsSentOnTheRegisteredEmailID(ForgotPasswordPageTest.java:73)
at java.base/java.util.ArrayList.forEach(ArrayList.java:1597)
Caused by: org.openqa.selenium.NoSuchElementException: no such element: Unable to locate element: {"method":"xpath","selector":"//img[@role='presentation']"}
  (Session info: chrome=136.0.7103.114)
For documentation on this error, please visit: https://www.selenium.dev/documentation/webdriver/troubleshooting/errors#no-such-element-exception
Build info: version: '4.26.0', revision: '8ccf0219d7'
System info: os.name: 'Windows 11', os.arch: 'amd64', os.version: '10.0', java.version: '23.0.2'
Driver info: org.openqa.selenium.chrome.ChromeDriver
Command: [07db9045c96602396402b7749529315a, findElement {using=xpath, value=//img[@role='presentation']}]
Capabilities {acceptInsecureCerts: false, browserName: chrome, browserVersion: 136.0.7103.114, chrome: {chromedriverVersion: 136.0.7103.113 (76fa3c17824..., userDataDir: C:\Users\Dell\AppData\Local...}, fedcm:accounts: true, goog:chromeOptions: {debuggerAddress: localhost:60747}, networkConnectionEnabled: false, pageLoadStrategy: normal, platformName: windows, proxy: Proxy(), se:cdp: ws://localhost:60747/devtoo..., se:cdpVersion: 136.0.7103.114, setWindowRect: true, strictFileInteractability: false, timeouts: {implicit: 0, pageLoad: 300000, script: 30000}, unhandledPromptBehavior: dismiss and notify, webauthn:extension:credBlob: true, webauthn:extension:largeBlob: true, webauthn:extension:minPinLength: true, webauthn:extension:prf: true, webauthn:virtualAuthenticators: true}
Session ID: 07db9045c96602396402b7749529315a
at org.openqa.selenium.remote.ErrorCodec.decode(ErrorCodec.java:167)
at org.openqa.selenium.remote.codec.w3c.W3CHttpResponseCodec.decode(W3CHttpResponseCodec.java:138)
at org.openqa.selenium.remote.codec.w3c.W3CHttpResponseCodec.decode(W3CHttpResponseCodec.java:50)
at org.openqa.selenium.remote.HttpCommandExecutor.execute(HttpCommandExecutor.java:190)
at org.openqa.selenium.remote.service.DriverCommandExecutor.invokeExecute(DriverCommandExecutor.java:216)
at org.openqa.selenium.remote.service.DriverCommandExecutor.execute(DriverCommandExecutor.java:174)
at org.openqa.selenium.remote.RemoteWebDriver.execute(RemoteWebDriver.java:545)
at org.openqa.selenium.remote.ElementLocation$ElementFinder$2.findElement(ElementLocation.java:165)
at org.openqa.selenium.remote.ElementLocation.findElement(ElementLocation.java:59)
at org.openqa.selenium.remote.RemoteWebDriver.findElement(RemoteWebDriver.java:368)
at org.openqa.selenium.remote.RemoteWebDriver.findElement(RemoteWebDriver.java:362)
at org.openqa.selenium.support.pagefactory.DefaultElementLocator.findElement(DefaultElementLocator.java:68)
at org.openqa.selenium.support.pagefactory.internal.LocatingElementHandler.invoke(LocatingElementHandler.java:38)
at jdk.proxy2/jdk.proxy2.$Proxy32.isDisplayed(Unknown Source)
at org.openqa.selenium.support.ui.ExpectedConditions.elementIfVisible(ExpectedConditions.java:304)
at org.openqa.selenium.support.ui.ExpectedConditions$10.apply(ExpectedConditions.java:290)
at org.openqa.selenium.support.ui.ExpectedConditions$10.apply(ExpectedConditions.java:287)
at org.openqa.selenium.support.ui.FluentWait.until(FluentWait.java:203)
... 29 more
... Removed 28 stack frames]]>
    </failure>
  </testcase> <!-- verifyPasswordResetLinkIsSentOnTheRegisteredEmailID -->
  <testcase classname="com.ixfi.testcases.ForgotPasswordPageTest" name="verifyThatUserIsAbleToClickOnLoginLinkAndNavigatedToLoginPageFromPhoneForgotPasswordPage" time="7.958"/>
  <testcase classname="com.ixfi.testcases.ForgotPasswordPageTest" name="verifyThatUserIsAbleToSendTheResetLinkByClickingOnClickHereLinkOnPhoneTab" time="7.341"/>
  <testcase classname="com.ixfi.testcases.ForgotPasswordPageTest" name="verifyThatUserIsAbleToSendTheResetPasswordLinkOnRegisteredPhoneNumber" time="10.355"/>
  <testcase classname="com.ixfi.testcases.ForgotPasswordPageTest" name="verifyUserIsAbleToClickOnForgotPasswordLink" time="4.404"/>
  <testcase classname="com.ixfi.testcases.ForgotPasswordPageTest" name="verifyUserIsAbleToNavigateBackToTheIndexPageFromForgotPasswordPage" time="4.436"/>
  <testcase classname="com.ixfi.testcases.ForgotPasswordPageTest" name="verifyWhenUserClickOnLoginLinkItWillNavigatedToTheLoginPage" time="5.04"/>
  <testcase classname="com.ixfi.testcases.FooterPageTest" name="verifyTheAppleStoreLinkIsPresentAndClickable" time="5.912"/>
  <testcase classname="com.ixfi.testcases.FooterPageTest" name="verifyTheFooterLinksPresentAndAbleToOpenInNewTab" time="63.418"/>
  <testcase classname="com.ixfi.testcases.FooterPageTest" name="verifyThePlayStoreLinkIsPresentAndClickable" time="5.502"/>
  <testcase classname="com.ixfi.testcases.FooterPageTest" name="verifyThePresenceOfIXFILogo" time="5.224"/>
  <testcase classname="com.ixfi.testcases.FooterPageTest" name="verifyTheSocialMediaFooterLinksPresentAndAbleToOpenInNewTab" time="30.254"/>
  <testcase classname="com.ixfi.testcases.StatusPageTest" name="checkTotalCountOfWalletPages" time="14.614"/>
  <testcase classname="com.ixfi.testcases.StatusPageTest" name="validateTradeInfoSectionTableData_CurrentStateByServicesUpdated" time="15.176"/>
  <testcase classname="com.ixfi.testcases.StatusPageTest" name="validateWalletSectionTableData_CurrentStateByServices" time="18.171"/>
  <testcase classname="com.ixfi.testcases.StatusPageTest" name="verifyThatUserIsAbleToClickOnAllProgramSection" time="6.535"/>
  <testcase classname="com.ixfi.testcases.StatusPageTest" name="verifyThatUserIsAbleToClickOnSystemStatusLinkAndNavigatesToTheStatusPage" time="6.591"/>
  <testcase classname="com.ixfi.testcases.StatusPageTest" name="verifyThatUserIsAbleToNavigateToTheTradeInfoSection" time="6.209"/>
  <testcase classname="com.ixfi.testcases.StatusPageTest" name="verifyTheAllProgrammSectionTableData_CurrentStateByServices" time="9.152"/>
  <testcase classname="com.ixfi.testcases.MarketsPageTest" name="validateAllSectionsTableDataInSpotMarkets" time="18.994"/>
  <testcase classname="com.ixfi.testcases.MarketsPageTest" name="verify24HVolumeDataIsPresentForDefaultCoinPairs" time="17.656"/>
  <testcase classname="com.ixfi.testcases.MarketsPageTest" name="verifyThatOnClickingOnDefaultCoinPairUserIsNavigatedToTheTradePage" time="17.996"/>
  <testcase classname="com.ixfi.testcases.MarketsPageTest" name="verifyThatUserIsAbleToClickOnAllSectionInALTSMarketSectionAndAbleToValidateTheTableData" time="23.698"/>
  <testcase classname="com.ixfi.testcases.MarketsPageTest" name="verifyThatUserIsAbleToClickOnAllSectionInFIATMarketSectionAndAbleToValidateTheTableData" time="23.886"/>
  <testcase classname="com.ixfi.testcases.MarketsPageTest" name="verifyThatUserIsAbleToClickOnBNBSectionInALTSMarketSectionAndAbleToValidateTheTableData" time="26.874"/>
  <testcase classname="com.ixfi.testcases.MarketsPageTest" name="verifyThatUserIsAbleToClickOnBTCMarketSectionAndAbleToValidateTheTableData" time="29.135"/>
  <testcase classname="com.ixfi.testcases.MarketsPageTest" name="verifyThatUserIsAbleToClickOnETHMarketSectionAndAbleToValidateTheTableData" time="24.694"/>
  <testcase classname="com.ixfi.testcases.MarketsPageTest" name="verifyThatUserIsAbleToClickOnFDUSDSectionInFIATMarketSectionAndAbleToValidateTheTableData" time="39.785">
    <failure type="org.openqa.selenium.TimeoutException" message="Expected condition failed: waiting for visibility of Proxy element for: DefaultElementLocator &amp;apos;By.xpath: //li[@class=&amp;apos;nav-item ng-star-inserted&amp;apos;]//a[normalize-space(text())=&amp;apos;FDUSD&amp;apos;]&amp;apos; (tried for 10 second(s) with 500 milliseconds interval)">
      <![CDATA[org.openqa.selenium.TimeoutException: Expected condition failed: waiting for visibility of Proxy element for: DefaultElementLocator 'By.xpath: //li[@class='nav-item ng-star-inserted']//a[normalize-space(text())='FDUSD']' (tried for 10 second(s) with 500 milliseconds interval)
at org.openqa.selenium.support.ui.WebDriverWait.timeoutException(WebDriverWait.java:84)
at org.openqa.selenium.support.ui.FluentWait.until(FluentWait.java:228)
at com.ixfi.actiondriver.Action.waitForElementToBeVisible(Action.java:51)
at com.ixfi.pageobjects.MarketsPage.clickOnFDUSDButtonFiatMarketsInSpotMarketsSecion(MarketsPage.java:209)
at com.ixfi.testcases.MarketsPageTest.verifyThatUserIsAbleToClickOnFDUSDSectionInFIATMarketSectionAndAbleToValidateTheTableData(MarketsPageTest.java:697)
at java.base/java.util.ArrayList.forEach(ArrayList.java:1597)
Caused by: org.openqa.selenium.NoSuchElementException: no such element: Unable to locate element: {"method":"xpath","selector":"//li[@class='nav-item ng-star-inserted']//a[normalize-space(text())='FDUSD']"}
  (Session info: chrome=136.0.7103.114)
For documentation on this error, please visit: https://www.selenium.dev/documentation/webdriver/troubleshooting/errors#no-such-element-exception
Build info: version: '4.26.0', revision: '8ccf0219d7'
System info: os.name: 'Windows 11', os.arch: 'amd64', os.version: '10.0', java.version: '23.0.2'
Driver info: org.openqa.selenium.chrome.ChromeDriver
Command: [6314ae1adc69cc9461847d85bf2cba31, findElement {using=xpath, value=//li[@class='nav-item ng-star-inserted']//a[normalize-space(text())='FDUSD']}]
Capabilities {acceptInsecureCerts: false, browserName: chrome, browserVersion: 136.0.7103.114, chrome: {chromedriverVersion: 136.0.7103.113 (76fa3c17824..., userDataDir: C:\Users\Dell\AppData\Local...}, fedcm:accounts: true, goog:chromeOptions: {debuggerAddress: localhost:50240}, networkConnectionEnabled: false, pageLoadStrategy: normal, platformName: windows, proxy: Proxy(), se:cdp: ws://localhost:50240/devtoo..., se:cdpVersion: 136.0.7103.114, setWindowRect: true, strictFileInteractability: false, timeouts: {implicit: 0, pageLoad: 300000, script: 30000}, unhandledPromptBehavior: dismiss and notify, webauthn:extension:credBlob: true, webauthn:extension:largeBlob: true, webauthn:extension:minPinLength: true, webauthn:extension:prf: true, webauthn:virtualAuthenticators: true}
Session ID: 6314ae1adc69cc9461847d85bf2cba31
at org.openqa.selenium.remote.ErrorCodec.decode(ErrorCodec.java:167)
at org.openqa.selenium.remote.codec.w3c.W3CHttpResponseCodec.decode(W3CHttpResponseCodec.java:138)
at org.openqa.selenium.remote.codec.w3c.W3CHttpResponseCodec.decode(W3CHttpResponseCodec.java:50)
at org.openqa.selenium.remote.HttpCommandExecutor.execute(HttpCommandExecutor.java:190)
at org.openqa.selenium.remote.service.DriverCommandExecutor.invokeExecute(DriverCommandExecutor.java:216)
at org.openqa.selenium.remote.service.DriverCommandExecutor.execute(DriverCommandExecutor.java:174)
at org.openqa.selenium.remote.RemoteWebDriver.execute(RemoteWebDriver.java:545)
at org.openqa.selenium.remote.ElementLocation$ElementFinder$2.findElement(ElementLocation.java:165)
at org.openqa.selenium.remote.ElementLocation.findElement(ElementLocation.java:59)
at org.openqa.selenium.remote.RemoteWebDriver.findElement(RemoteWebDriver.java:368)
at org.openqa.selenium.remote.RemoteWebDriver.findElement(RemoteWebDriver.java:362)
at org.openqa.selenium.support.pagefactory.DefaultElementLocator.findElement(DefaultElementLocator.java:68)
at org.openqa.selenium.support.pagefactory.internal.LocatingElementHandler.invoke(LocatingElementHandler.java:38)
at jdk.proxy2/jdk.proxy2.$Proxy32.isDisplayed(Unknown Source)
at org.openqa.selenium.support.ui.ExpectedConditions.elementIfVisible(ExpectedConditions.java:304)
at org.openqa.selenium.support.ui.ExpectedConditions$10.apply(ExpectedConditions.java:290)
at org.openqa.selenium.support.ui.ExpectedConditions$10.apply(ExpectedConditions.java:287)
at org.openqa.selenium.support.ui.FluentWait.until(FluentWait.java:203)
... 29 more
... Removed 28 stack frames]]>
    </failure>
  </testcase> <!-- verifyThatUserIsAbleToClickOnFDUSDSectionInFIATMarketSectionAndAbleToValidateTheTableData -->
  <testcase classname="com.ixfi.testcases.MarketsPageTest" name="verifyThatUserIsAbleToClickOnTRXSectionInALTSMarketSectionAndAbleToValidateTheTableData" time="18.966"/>
  <testcase classname="com.ixfi.testcases.MarketsPageTest" name="verifyThatUserIsAbleToClickOnUSDCSectionInFIATMarketSectionAndAbleToValidateTheTableData" time="25.98"/>
  <testcase classname="com.ixfi.testcases.MarketsPageTest" name="verifyThatUserIsAbleToClickOnUSDTSectionInFIATMarketSectionAndAbleToValidateTheTableData" time="39.293">
    <failure type="org.openqa.selenium.TimeoutException" message="Expected condition failed: waiting for visibility of Proxy element for: DefaultElementLocator &amp;apos;By.xpath: //li[@class=&amp;apos;nav-item ng-star-inserted&amp;apos;]//a[normalize-space(text())=&amp;apos;USDT&amp;apos;]&amp;apos; (tried for 10 second(s) with 500 milliseconds interval)">
      <![CDATA[org.openqa.selenium.TimeoutException: Expected condition failed: waiting for visibility of Proxy element for: DefaultElementLocator 'By.xpath: //li[@class='nav-item ng-star-inserted']//a[normalize-space(text())='USDT']' (tried for 10 second(s) with 500 milliseconds interval)
at org.openqa.selenium.support.ui.WebDriverWait.timeoutException(WebDriverWait.java:84)
at org.openqa.selenium.support.ui.FluentWait.until(FluentWait.java:228)
at com.ixfi.actiondriver.Action.waitForElementToBeVisible(Action.java:51)
at com.ixfi.pageobjects.MarketsPage.clickOnUSDTButtonFiatMarketsInSpotMarketsSecion(MarketsPage.java:203)
at com.ixfi.testcases.MarketsPageTest.verifyThatUserIsAbleToClickOnUSDTSectionInFIATMarketSectionAndAbleToValidateTheTableData(MarketsPageTest.java:637)
at java.base/java.util.ArrayList.forEach(ArrayList.java:1597)
Caused by: org.openqa.selenium.NoSuchElementException: no such element: Unable to locate element: {"method":"xpath","selector":"//li[@class='nav-item ng-star-inserted']//a[normalize-space(text())='USDT']"}
  (Session info: chrome=136.0.7103.114)
For documentation on this error, please visit: https://www.selenium.dev/documentation/webdriver/troubleshooting/errors#no-such-element-exception
Build info: version: '4.26.0', revision: '8ccf0219d7'
System info: os.name: 'Windows 11', os.arch: 'amd64', os.version: '10.0', java.version: '23.0.2'
Driver info: org.openqa.selenium.chrome.ChromeDriver
Command: [69b12df2b75f4e4a8480524f5050f3a6, findElement {using=xpath, value=//li[@class='nav-item ng-star-inserted']//a[normalize-space(text())='USDT']}]
Capabilities {acceptInsecureCerts: false, browserName: chrome, browserVersion: 136.0.7103.114, chrome: {chromedriverVersion: 136.0.7103.113 (76fa3c17824..., userDataDir: C:\Users\Dell\AppData\Local...}, fedcm:accounts: true, goog:chromeOptions: {debuggerAddress: localhost:50967}, networkConnectionEnabled: false, pageLoadStrategy: normal, platformName: windows, proxy: Proxy(), se:cdp: ws://localhost:50967/devtoo..., se:cdpVersion: 136.0.7103.114, setWindowRect: true, strictFileInteractability: false, timeouts: {implicit: 0, pageLoad: 300000, script: 30000}, unhandledPromptBehavior: dismiss and notify, webauthn:extension:credBlob: true, webauthn:extension:largeBlob: true, webauthn:extension:minPinLength: true, webauthn:extension:prf: true, webauthn:virtualAuthenticators: true}
Session ID: 69b12df2b75f4e4a8480524f5050f3a6
at org.openqa.selenium.remote.ErrorCodec.decode(ErrorCodec.java:167)
at org.openqa.selenium.remote.codec.w3c.W3CHttpResponseCodec.decode(W3CHttpResponseCodec.java:138)
at org.openqa.selenium.remote.codec.w3c.W3CHttpResponseCodec.decode(W3CHttpResponseCodec.java:50)
at org.openqa.selenium.remote.HttpCommandExecutor.execute(HttpCommandExecutor.java:190)
at org.openqa.selenium.remote.service.DriverCommandExecutor.invokeExecute(DriverCommandExecutor.java:216)
at org.openqa.selenium.remote.service.DriverCommandExecutor.execute(DriverCommandExecutor.java:174)
at org.openqa.selenium.remote.RemoteWebDriver.execute(RemoteWebDriver.java:545)
at org.openqa.selenium.remote.ElementLocation$ElementFinder$2.findElement(ElementLocation.java:165)
at org.openqa.selenium.remote.ElementLocation.findElement(ElementLocation.java:59)
at org.openqa.selenium.remote.RemoteWebDriver.findElement(RemoteWebDriver.java:368)
at org.openqa.selenium.remote.RemoteWebDriver.findElement(RemoteWebDriver.java:362)
at org.openqa.selenium.support.pagefactory.DefaultElementLocator.findElement(DefaultElementLocator.java:68)
at org.openqa.selenium.support.pagefactory.internal.LocatingElementHandler.invoke(LocatingElementHandler.java:38)
at jdk.proxy2/jdk.proxy2.$Proxy32.isDisplayed(Unknown Source)
at org.openqa.selenium.support.ui.ExpectedConditions.elementIfVisible(ExpectedConditions.java:304)
at org.openqa.selenium.support.ui.ExpectedConditions$10.apply(ExpectedConditions.java:290)
at org.openqa.selenium.support.ui.ExpectedConditions$10.apply(ExpectedConditions.java:287)
at org.openqa.selenium.support.ui.FluentWait.until(FluentWait.java:203)
... 29 more
... Removed 28 stack frames]]>
    </failure>
  </testcase> <!-- verifyThatUserIsAbleToClickOnUSDTSectionInFIATMarketSectionAndAbleToValidateTheTableData -->
  <testcase classname="com.ixfi.testcases.MarketsPageTest" name="verifyThatUserIsAbleToClickOnZonesAndVerifyItsTableData" time="32.66"/>
  <testcase classname="com.ixfi.testcases.MarketsPageTest" name="verifyThatUserIsAbleToNavigateToTheMarketsSection" time="2.949"/>
  <testcase classname="com.ixfi.testcases.MarketsPageTest" name="verifyTheDefualtCoinPairsIsDisplayedOnTheCardPresentOnMarketPage" time="18.784">
    <failure type="java.lang.AssertionError" message="The following asserts failed:
	Size of default coin does not match with the expected coin expected [4] but found [0]">
      <![CDATA[java.lang.AssertionError: The following asserts failed:
Size of default coin does not match with the expected coin expected [4] but found [0]
at com.ixfi.testcases.MarketsPageTest.verifyTheDefualtCoinPairsIsDisplayedOnTheCardPresentOnMarketPage(MarketsPageTest.java:71)
at java.base/java.util.ArrayList.forEach(ArrayList.java:1597)
... Removed 27 stack frames]]>
    </failure>
  </testcase> <!-- verifyTheDefualtCoinPairsIsDisplayedOnTheCardPresentOnMarketPage -->
  <testcase classname="com.ixfi.testcases.MarketsPageTest" name="verifyTheDetailsButtonsFromActionColumnIsClickableAndAbleToOpenInNewTab" time="247.3">
    <failure type="org.openqa.selenium.TimeoutException" message="java.util.concurrent.TimeoutException
Build info: version: &amp;apos;4.26.0&amp;apos;, revision: &amp;apos;8ccf0219d7&amp;apos;
System info: os.name: &amp;apos;Windows 11&amp;apos;, os.arch: &amp;apos;amd64&amp;apos;, os.version: &amp;apos;10.0&amp;apos;, java.version: &amp;apos;23.0.2&amp;apos;
Driver info: org.openqa.selenium.chrome.ChromeDriver
Command: [3d01f9f4ecadfacc4b1054cce188a79a, getWindowHandles {}]
Capabilities {acceptInsecureCerts: false, browserName: chrome, browserVersion: 136.0.7103.114, chrome: {chromedriverVersion: 136.0.7103.113 (76fa3c17824..., userDataDir: C:\Users\Dell\AppData\Local...}, fedcm:accounts: true, goog:chromeOptions: {debuggerAddress: localhost:51773}, networkConnectionEnabled: false, pageLoadStrategy: normal, platformName: windows, proxy: Proxy(), se:cdp: ws://localhost:51773/devtoo..., se:cdpVersion: 136.0.7103.114, setWindowRect: true, strictFileInteractability: false, timeouts: {implicit: 0, pageLoad: 300000, script: 30000}, unhandledPromptBehavior: dismiss and notify, webauthn:extension:credBlob: true, webauthn:extension:largeBlob: true, webauthn:extension:minPinLength: true, webauthn:extension:prf: true, webauthn:virtualAuthenticators: true}
Session ID: 3d01f9f4ecadfacc4b1054cce188a79a">
      <![CDATA[org.openqa.selenium.TimeoutException: java.util.concurrent.TimeoutException
Build info: version: '4.26.0', revision: '8ccf0219d7'
System info: os.name: 'Windows 11', os.arch: 'amd64', os.version: '10.0', java.version: '23.0.2'
Driver info: org.openqa.selenium.chrome.ChromeDriver
Command: [3d01f9f4ecadfacc4b1054cce188a79a, getWindowHandles {}]
Capabilities {acceptInsecureCerts: false, browserName: chrome, browserVersion: 136.0.7103.114, chrome: {chromedriverVersion: 136.0.7103.113 (76fa3c17824..., userDataDir: C:\Users\Dell\AppData\Local...}, fedcm:accounts: true, goog:chromeOptions: {debuggerAddress: localhost:51773}, networkConnectionEnabled: false, pageLoadStrategy: normal, platformName: windows, proxy: Proxy(), se:cdp: ws://localhost:51773/devtoo..., se:cdpVersion: 136.0.7103.114, setWindowRect: true, strictFileInteractability: false, timeouts: {implicit: 0, pageLoad: 300000, script: 30000}, unhandledPromptBehavior: dismiss and notify, webauthn:extension:credBlob: true, webauthn:extension:largeBlob: true, webauthn:extension:minPinLength: true, webauthn:extension:prf: true, webauthn:virtualAuthenticators: true}
Session ID: 3d01f9f4ecadfacc4b1054cce188a79a
at org.openqa.selenium.remote.http.jdk.JdkHttpClient.execute(JdkHttpClient.java:422)
at org.openqa.selenium.remote.HttpCommandExecutor.execute(HttpCommandExecutor.java:187)
at org.openqa.selenium.remote.service.DriverCommandExecutor.invokeExecute(DriverCommandExecutor.java:216)
at org.openqa.selenium.remote.service.DriverCommandExecutor.execute(DriverCommandExecutor.java:174)
at org.openqa.selenium.remote.RemoteWebDriver.execute(RemoteWebDriver.java:545)
at org.openqa.selenium.remote.RemoteWebDriver.execute(RemoteWebDriver.java:618)
at org.openqa.selenium.remote.RemoteWebDriver.execute(RemoteWebDriver.java:622)
at org.openqa.selenium.remote.RemoteWebDriver.getWindowHandles(RemoteWebDriver.java:455)
at com.ixfi.actiondriver.Action.getAllOpenTabs(Action.java:552)
at com.ixfi.testcases.MarketsPageTest.verifyTheDetailsButtonsFromActionColumnIsClickableAndAbleToOpenInNewTab(MarketsPageTest.java:255)
at java.base/java.util.ArrayList.forEach(ArrayList.java:1597)
Caused by: java.util.concurrent.TimeoutException
at java.base/java.util.concurrent.CompletableFuture$Timeout.run(CompletableFuture.java:2964)
at java.base/java.util.concurrent.Executors$RunnableAdapter.call(Executors.java:572)
at java.base/java.util.concurrent.FutureTask.run(FutureTask.java:317)
at java.base/java.util.concurrent.ScheduledThreadPoolExecutor$ScheduledFutureTask.run(ScheduledThreadPoolExecutor.java:304)
at java.base/java.util.concurrent.ThreadPoolExecutor.runWorker(ThreadPoolExecutor.java:1144)
at java.base/java.util.concurrent.ThreadPoolExecutor$Worker.run(ThreadPoolExecutor.java:642)
at java.base/java.lang.Thread.run(Thread.java:1575)
... Removed 25 stack frames]]>
    </failure>
  </testcase> <!-- verifyTheDetailsButtonsFromActionColumnIsClickableAndAbleToOpenInNewTab -->
  <testcase classname="com.ixfi.testcases.MarketsPageTest" name="verifyTheDetailsButtonsFromActionColumnIsClickableAndAbleToOpenInNewTab" time="450.255">
    <failure type="org.openqa.selenium.TimeoutException" message="java.util.concurrent.TimeoutException
Build info: version: &amp;apos;4.26.0&amp;apos;, revision: &amp;apos;8ccf0219d7&amp;apos;
System info: os.name: &amp;apos;Windows 11&amp;apos;, os.arch: &amp;apos;amd64&amp;apos;, os.version: &amp;apos;10.0&amp;apos;, java.version: &amp;apos;23.0.2&amp;apos;
Driver info: org.openqa.selenium.chrome.ChromeDriver
Command: [3d01f9f4ecadfacc4b1054cce188a79a, screenshot {}]
Capabilities {acceptInsecureCerts: false, browserName: chrome, browserVersion: 136.0.7103.114, chrome: {chromedriverVersion: 136.0.7103.113 (76fa3c17824..., userDataDir: C:\Users\Dell\AppData\Local...}, fedcm:accounts: true, goog:chromeOptions: {debuggerAddress: localhost:51773}, networkConnectionEnabled: false, pageLoadStrategy: normal, platformName: windows, proxy: Proxy(), se:cdp: ws://localhost:51773/devtoo..., se:cdpVersion: 136.0.7103.114, setWindowRect: true, strictFileInteractability: false, timeouts: {implicit: 0, pageLoad: 300000, script: 30000}, unhandledPromptBehavior: dismiss and notify, webauthn:extension:credBlob: true, webauthn:extension:largeBlob: true, webauthn:extension:minPinLength: true, webauthn:extension:prf: true, webauthn:virtualAuthenticators: true}
Session ID: 3d01f9f4ecadfacc4b1054cce188a79a">
      <![CDATA[org.openqa.selenium.TimeoutException: java.util.concurrent.TimeoutException
Build info: version: '4.26.0', revision: '8ccf0219d7'
System info: os.name: 'Windows 11', os.arch: 'amd64', os.version: '10.0', java.version: '23.0.2'
Driver info: org.openqa.selenium.chrome.ChromeDriver
Command: [3d01f9f4ecadfacc4b1054cce188a79a, screenshot {}]
Capabilities {acceptInsecureCerts: false, browserName: chrome, browserVersion: 136.0.7103.114, chrome: {chromedriverVersion: 136.0.7103.113 (76fa3c17824..., userDataDir: C:\Users\Dell\AppData\Local...}, fedcm:accounts: true, goog:chromeOptions: {debuggerAddress: localhost:51773}, networkConnectionEnabled: false, pageLoadStrategy: normal, platformName: windows, proxy: Proxy(), se:cdp: ws://localhost:51773/devtoo..., se:cdpVersion: 136.0.7103.114, setWindowRect: true, strictFileInteractability: false, timeouts: {implicit: 0, pageLoad: 300000, script: 30000}, unhandledPromptBehavior: dismiss and notify, webauthn:extension:credBlob: true, webauthn:extension:largeBlob: true, webauthn:extension:minPinLength: true, webauthn:extension:prf: true, webauthn:virtualAuthenticators: true}
Session ID: 3d01f9f4ecadfacc4b1054cce188a79a
at org.openqa.selenium.remote.http.jdk.JdkHttpClient.execute(JdkHttpClient.java:422)
at org.openqa.selenium.remote.HttpCommandExecutor.execute(HttpCommandExecutor.java:187)
at org.openqa.selenium.remote.service.DriverCommandExecutor.invokeExecute(DriverCommandExecutor.java:216)
at org.openqa.selenium.remote.service.DriverCommandExecutor.execute(DriverCommandExecutor.java:174)
at org.openqa.selenium.remote.RemoteWebDriver.execute(RemoteWebDriver.java:545)
at org.openqa.selenium.remote.RemoteWebDriver.execute(RemoteWebDriver.java:618)
at org.openqa.selenium.remote.RemoteWebDriver.execute(RemoteWebDriver.java:622)
at org.openqa.selenium.remote.RemoteWebDriver.getScreenshotAs(RemoteWebDriver.java:334)
at com.ixfi.actiondriver.Action.screenShot(Action.java:650)
at com.ixfi.utility.ListenerClass.onTestFailure(ListenerClass.java:39)
at java.base/java.util.ArrayList.forEach(ArrayList.java:1597)
Caused by: java.util.concurrent.TimeoutException
at java.base/java.util.concurrent.CompletableFuture$Timeout.run(CompletableFuture.java:2964)
at java.base/java.util.concurrent.Executors$RunnableAdapter.call(Executors.java:572)
at java.base/java.util.concurrent.FutureTask.run(FutureTask.java:317)
at java.base/java.util.concurrent.ScheduledThreadPoolExecutor$ScheduledFutureTask.run(ScheduledThreadPoolExecutor.java:304)
at java.base/java.util.concurrent.ThreadPoolExecutor.runWorker(ThreadPoolExecutor.java:1144)
at java.base/java.util.concurrent.ThreadPoolExecutor$Worker.run(ThreadPoolExecutor.java:642)
at java.base/java.lang.Thread.run(Thread.java:1575)
... Removed 24 stack frames]]>
    </failure>
  </testcase> <!-- verifyTheDetailsButtonsFromActionColumnIsClickableAndAbleToOpenInNewTab -->
  <testcase classname="com.ixfi.testcases.MarketsPageTest" name="verifyTheTradeButtonsFromActionColumnIsClickableAndAbleToOpenInNewTab" time="6.448">
    <failure type="org.openqa.selenium.ElementClickInterceptedException" message="element click intercepted: Element is not clickable at point (264, -18)
  (Session info: chrome=136.0.7103.114)
Build info: version: &amp;apos;4.26.0&amp;apos;, revision: &amp;apos;8ccf0219d7&amp;apos;
System info: os.name: &amp;apos;Windows 11&amp;apos;, os.arch: &amp;apos;amd64&amp;apos;, os.version: &amp;apos;10.0&amp;apos;, java.version: &amp;apos;23.0.2&amp;apos;
Driver info: org.openqa.selenium.chrome.ChromeDriver
Command: [26389a6bc3ddfbd7c1c3a2191892645c, clickElement {id=f.499E54451B67BD2FFBB89A8C36524237.d.0477BDFD349765AE3AA829B84660F862.e.10362}]
Capabilities {acceptInsecureCerts: false, browserName: chrome, browserVersion: 136.0.7103.114, chrome: {chromedriverVersion: 136.0.7103.113 (76fa3c17824..., userDataDir: C:\Users\Dell\AppData\Local...}, fedcm:accounts: true, goog:chromeOptions: {debuggerAddress: localhost:52974}, networkConnectionEnabled: false, pageLoadStrategy: normal, platformName: windows, proxy: Proxy(), se:cdp: ws://localhost:52974/devtoo..., se:cdpVersion: 136.0.7103.114, setWindowRect: true, strictFileInteractability: false, timeouts: {implicit: 0, pageLoad: 300000, script: 30000}, unhandledPromptBehavior: dismiss and notify, webauthn:extension:credBlob: true, webauthn:extension:largeBlob: true, webauthn:extension:minPinLength: true, webauthn:extension:prf: true, webauthn:virtualAuthenticators: true}
Element: [[ChromeDriver: chrome on windows (26389a6bc3ddfbd7c1c3a2191892645c)] -&amp;gt; xpath: //span[normalize-space()=&amp;apos;Spot Markets&amp;apos;]]
Session ID: 26389a6bc3ddfbd7c1c3a2191892645c">
      <![CDATA[org.openqa.selenium.ElementClickInterceptedException: element click intercepted: Element is not clickable at point (264, -18)
  (Session info: chrome=136.0.7103.114)
Build info: version: '4.26.0', revision: '8ccf0219d7'
System info: os.name: 'Windows 11', os.arch: 'amd64', os.version: '10.0', java.version: '23.0.2'
Driver info: org.openqa.selenium.chrome.ChromeDriver
Command: [26389a6bc3ddfbd7c1c3a2191892645c, clickElement {id=f.499E54451B67BD2FFBB89A8C36524237.d.0477BDFD349765AE3AA829B84660F862.e.10362}]
Capabilities {acceptInsecureCerts: false, browserName: chrome, browserVersion: 136.0.7103.114, chrome: {chromedriverVersion: 136.0.7103.113 (76fa3c17824..., userDataDir: C:\Users\Dell\AppData\Local...}, fedcm:accounts: true, goog:chromeOptions: {debuggerAddress: localhost:52974}, networkConnectionEnabled: false, pageLoadStrategy: normal, platformName: windows, proxy: Proxy(), se:cdp: ws://localhost:52974/devtoo..., se:cdpVersion: 136.0.7103.114, setWindowRect: true, strictFileInteractability: false, timeouts: {implicit: 0, pageLoad: 300000, script: 30000}, unhandledPromptBehavior: dismiss and notify, webauthn:extension:credBlob: true, webauthn:extension:largeBlob: true, webauthn:extension:minPinLength: true, webauthn:extension:prf: true, webauthn:virtualAuthenticators: true}
Element: [[ChromeDriver: chrome on windows (26389a6bc3ddfbd7c1c3a2191892645c)] -> xpath: //span[normalize-space()='Spot Markets']]
Session ID: 26389a6bc3ddfbd7c1c3a2191892645c
at org.openqa.selenium.remote.ErrorCodec.decode(ErrorCodec.java:167)
at org.openqa.selenium.remote.codec.w3c.W3CHttpResponseCodec.decode(W3CHttpResponseCodec.java:138)
at org.openqa.selenium.remote.codec.w3c.W3CHttpResponseCodec.decode(W3CHttpResponseCodec.java:50)
at org.openqa.selenium.remote.HttpCommandExecutor.execute(HttpCommandExecutor.java:190)
at org.openqa.selenium.remote.service.DriverCommandExecutor.invokeExecute(DriverCommandExecutor.java:216)
at org.openqa.selenium.remote.service.DriverCommandExecutor.execute(DriverCommandExecutor.java:174)
at org.openqa.selenium.remote.RemoteWebDriver.execute(RemoteWebDriver.java:545)
at org.openqa.selenium.remote.RemoteWebElement.execute(RemoteWebElement.java:223)
at org.openqa.selenium.remote.RemoteWebElement.click(RemoteWebElement.java:76)
at org.openqa.selenium.support.pagefactory.internal.LocatingElementHandler.invoke(LocatingElementHandler.java:51)
at jdk.proxy2/jdk.proxy2.$Proxy32.click(Unknown Source)
at com.ixfi.actiondriver.Action.click(Action.java:77)
at com.ixfi.pageobjects.MarketsPage.clickOnSpotMarketsSection(MarketsPage.java:134)
at com.ixfi.testcases.MarketsPageTest.verifyTheTradeButtonsFromActionColumnIsClickableAndAbleToOpenInNewTab(MarketsPageTest.java:212)
at java.base/java.util.ArrayList.forEach(ArrayList.java:1597)
... Removed 30 stack frames]]>
    </failure>
  </testcase> <!-- verifyTheTradeButtonsFromActionColumnIsClickableAndAbleToOpenInNewTab -->
  <testcase classname="com.ixfi.testcases.TradePageTest" name="verifyThatTradeChartAndOrderBookAndMarketSectionIsDisplayed" time="2.648"/>
  <testcase classname="com.ixfi.testcases.TradePageTest" name="verifyThatUserIsAbleToClickOnLoginButtonUnderBuySection" time="16.829"/>
  <testcase classname="com.ixfi.testcases.TradePageTest" name="verifyThatUserIsAbleToClickOnLoginButtonUnderSellSection" time="18.097"/>
  <testcase classname="com.ixfi.testcases.TradePageTest" name="verifyThatWhenUserClicksOnLoginLinkUserIsNavigatedToLoginPage" time="0.002">
    <skipped/>
  </testcase> <!-- verifyThatWhenUserClicksOnLoginLinkUserIsNavigatedToLoginPage -->
  <testcase classname="com.ixfi.testcases.TradePageTest" name="verifyThatWhenUserClicksOnRegisterNowLinkUserIsNavigatedToRegisterPage" time="0.0">
    <skipped/>
  </testcase> <!-- verifyThatWhenUserClicksOnRegisterNowLinkUserIsNavigatedToRegisterPage -->
  <testcase classname="com.ixfi.testcases.TradePageTest" name="verifyThePresenceOfHeaderTitle" time="0.0">
    <skipped/>
  </testcase> <!-- verifyThePresenceOfHeaderTitle -->
  <testcase classname="com.ixfi.basepage.BaseClass" name="@AfterSuite afterSuite" time="0.0">
    <ignored/>
  </testcase> <!-- @AfterSuite afterSuite -->
  <testcase classname="com.ixfi.basepage.BaseClass" name="@AfterSuite afterSuite" time="0.0">
    <ignored/>
  </testcase> <!-- @AfterSuite afterSuite -->
  <testcase classname="com.ixfi.basepage.BaseClass" name="@AfterSuite afterSuite" time="0.0">
    <ignored/>
  </testcase> <!-- @AfterSuite afterSuite -->
  <testcase classname="com.ixfi.basepage.BaseClass" name="@AfterSuite afterSuite" time="0.0">
    <ignored/>
  </testcase> <!-- @AfterSuite afterSuite -->
  <testcase classname="com.ixfi.basepage.BaseClass" name="@AfterSuite afterSuite" time="0.0">
    <ignored/>
  </testcase> <!-- @AfterSuite afterSuite -->
  <testcase classname="com.ixfi.basepage.BaseClass" name="@AfterSuite afterSuite" time="0.0">
    <ignored/>
  </testcase> <!-- @AfterSuite afterSuite -->
  <testcase classname="com.ixfi.basepage.BaseClass" name="@AfterSuite afterSuite" time="0.0">
    <ignored/>
  </testcase> <!-- @AfterSuite afterSuite -->
  <testcase classname="com.ixfi.basepage.BaseClass" name="@BeforeSuite loadConfiguration" time="0.0">
    <ignored/>
  </testcase> <!-- @BeforeSuite loadConfiguration -->
  <testcase classname="com.ixfi.basepage.BaseClass" name="@BeforeSuite loadConfiguration" time="0.0">
    <ignored/>
  </testcase> <!-- @BeforeSuite loadConfiguration -->
  <testcase classname="com.ixfi.basepage.BaseClass" name="@BeforeSuite loadConfiguration" time="0.0">
    <ignored/>
  </testcase> <!-- @BeforeSuite loadConfiguration -->
  <testcase classname="com.ixfi.basepage.BaseClass" name="@BeforeSuite loadConfiguration" time="0.0">
    <ignored/>
  </testcase> <!-- @BeforeSuite loadConfiguration -->
  <testcase classname="com.ixfi.basepage.BaseClass" name="@BeforeSuite loadConfiguration" time="0.0">
    <ignored/>
  </testcase> <!-- @BeforeSuite loadConfiguration -->
  <testcase classname="com.ixfi.basepage.BaseClass" name="@BeforeSuite loadConfiguration" time="0.0">
    <ignored/>
  </testcase> <!-- @BeforeSuite loadConfiguration -->
  <testcase classname="com.ixfi.basepage.BaseClass" name="@BeforeSuite loadConfiguration" time="0.0">
    <ignored/>
  </testcase> <!-- @BeforeSuite loadConfiguration -->
</testsuite> <!-- Test_All -->
