<?xml version="1.0" encoding="UTF-8"?>
<testng-results ignored="14" total="114" passed="87" failed="10" skipped="3">
  <reporter-output>
  </reporter-output>
  <suite started-at="2025-05-22T11:46:02 IST" name="Suite" finished-at="2025-05-22T12:33:59 IST" duration-ms="2876618">
    <groups>
    </groups>
    <test started-at="2025-05-22T11:46:02 IST" name="Test_All" finished-at="2025-05-22T12:33:59 IST" duration-ms="2876618">
      <class name="com.ixfi.testcases.SignUpPageTest">
        <test-method is-config="true" signature="setup()[pri:0, instance:com.ixfi.testcases.SignUpPageTest@13b6aecc]" started-at="2025-05-22T11:56:20 IST" name="setup" finished-at="2025-05-22T11:56:26 IST" duration-ms="6828" status="PASS">
          <reporter-output>
          </reporter-output>
        </test-method> <!-- setup -->
        <test-method is-config="true" signature="setUpTest()[pri:0, instance:com.ixfi.testcases.SignUpPageTest@13b6aecc]" started-at="2025-05-22T11:56:26 IST" name="setUpTest" finished-at="2025-05-22T11:56:26 IST" duration-ms="2" status="PASS">
          <reporter-output>
          </reporter-output>
        </test-method> <!-- setUpTest -->
        <test-method signature="verifyCreateAccountButtonRemainsDisabledUntilTermsAndConditionsAcceptanceTest()[pri:0, instance:com.ixfi.testcases.SignUpPageTest@13b6aecc]" started-at="2025-05-22T11:56:26 IST" name="verifyCreateAccountButtonRemainsDisabledUntilTermsAndConditionsAcceptanceTest" finished-at="2025-05-22T11:56:28 IST" duration-ms="1533" status="PASS">
          <reporter-output>
          </reporter-output>
        </test-method> <!-- verifyCreateAccountButtonRemainsDisabledUntilTermsAndConditionsAcceptanceTest -->
        <test-method is-config="true" signature="tearDown()[pri:0, instance:com.ixfi.testcases.SignUpPageTest@13b6aecc]" started-at="2025-05-22T11:56:28 IST" name="tearDown" finished-at="2025-05-22T11:56:28 IST" duration-ms="360" status="PASS">
          <reporter-output>
          </reporter-output>
        </test-method> <!-- tearDown -->
        <test-method is-config="true" signature="setup()[pri:0, instance:com.ixfi.testcases.SignUpPageTest@13b6aecc]" started-at="2025-05-22T11:56:28 IST" name="setup" finished-at="2025-05-22T11:56:36 IST" duration-ms="7314" status="PASS">
          <reporter-output>
          </reporter-output>
        </test-method> <!-- setup -->
        <test-method is-config="true" signature="setUpTest()[pri:0, instance:com.ixfi.testcases.SignUpPageTest@13b6aecc]" started-at="2025-05-22T11:56:36 IST" name="setUpTest" finished-at="2025-05-22T11:56:36 IST" duration-ms="1" status="PASS">
          <reporter-output>
          </reporter-output>
        </test-method> <!-- setUpTest -->
        <test-method signature="verifyCreateAccountByEmailFunctionalityTest()[pri:0, instance:com.ixfi.testcases.SignUpPageTest@13b6aecc]" started-at="2025-05-22T11:56:36 IST" name="verifyCreateAccountByEmailFunctionalityTest" finished-at="2025-05-22T11:56:47 IST" duration-ms="11929" status="PASS">
          <reporter-output>
          </reporter-output>
        </test-method> <!-- verifyCreateAccountByEmailFunctionalityTest -->
        <test-method is-config="true" signature="tearDown()[pri:0, instance:com.ixfi.testcases.SignUpPageTest@13b6aecc]" started-at="2025-05-22T11:56:47 IST" name="tearDown" finished-at="2025-05-22T11:56:48 IST" duration-ms="299" status="PASS">
          <reporter-output>
          </reporter-output>
        </test-method> <!-- tearDown -->
        <test-method is-config="true" signature="setup()[pri:0, instance:com.ixfi.testcases.SignUpPageTest@13b6aecc]" started-at="2025-05-22T11:56:48 IST" name="setup" finished-at="2025-05-22T11:56:55 IST" duration-ms="7277" status="PASS">
          <reporter-output>
          </reporter-output>
        </test-method> <!-- setup -->
        <test-method is-config="true" signature="setUpTest()[pri:0, instance:com.ixfi.testcases.SignUpPageTest@13b6aecc]" started-at="2025-05-22T11:56:55 IST" name="setUpTest" finished-at="2025-05-22T11:56:55 IST" duration-ms="1" status="PASS">
          <reporter-output>
          </reporter-output>
        </test-method> <!-- setUpTest -->
        <test-method signature="verifyCreateAccountByPhoneFunctionalityTest()[pri:0, instance:com.ixfi.testcases.SignUpPageTest@13b6aecc]" started-at="2025-05-22T11:56:55 IST" name="verifyCreateAccountByPhoneFunctionalityTest" finished-at="2025-05-22T11:56:57 IST" duration-ms="1714" status="PASS">
          <reporter-output>
          </reporter-output>
        </test-method> <!-- verifyCreateAccountByPhoneFunctionalityTest -->
        <test-method is-config="true" signature="tearDown()[pri:0, instance:com.ixfi.testcases.SignUpPageTest@13b6aecc]" started-at="2025-05-22T11:56:57 IST" name="tearDown" finished-at="2025-05-22T11:56:57 IST" duration-ms="290" status="PASS">
          <reporter-output>
          </reporter-output>
        </test-method> <!-- tearDown -->
        <test-method is-config="true" signature="setup()[pri:0, instance:com.ixfi.testcases.SignUpPageTest@13b6aecc]" started-at="2025-05-22T11:56:57 IST" name="setup" finished-at="2025-05-22T11:57:06 IST" duration-ms="8785" status="PASS">
          <reporter-output>
          </reporter-output>
        </test-method> <!-- setup -->
        <test-method is-config="true" signature="setUpTest()[pri:0, instance:com.ixfi.testcases.SignUpPageTest@13b6aecc]" started-at="2025-05-22T11:57:06 IST" name="setUpTest" finished-at="2025-05-22T11:57:06 IST" duration-ms="2" status="PASS">
          <reporter-output>
          </reporter-output>
        </test-method> <!-- setUpTest -->
        <test-method signature="verifyThatEyeButtonIsClickableAndBothPasswordIsCorrect()[pri:0, instance:com.ixfi.testcases.SignUpPageTest@13b6aecc]" started-at="2025-05-22T11:57:06 IST" name="verifyThatEyeButtonIsClickableAndBothPasswordIsCorrect" finished-at="2025-05-22T11:57:13 IST" duration-ms="6764" status="PASS">
          <reporter-output>
          </reporter-output>
        </test-method> <!-- verifyThatEyeButtonIsClickableAndBothPasswordIsCorrect -->
        <test-method is-config="true" signature="tearDown()[pri:0, instance:com.ixfi.testcases.SignUpPageTest@13b6aecc]" started-at="2025-05-22T11:57:13 IST" name="tearDown" finished-at="2025-05-22T11:57:13 IST" duration-ms="295" status="PASS">
          <reporter-output>
          </reporter-output>
        </test-method> <!-- tearDown -->
        <test-method is-config="true" signature="setup()[pri:0, instance:com.ixfi.testcases.SignUpPageTest@13b6aecc]" started-at="2025-05-22T11:57:13 IST" name="setup" finished-at="2025-05-22T11:57:20 IST" duration-ms="7486" status="PASS">
          <reporter-output>
          </reporter-output>
        </test-method> <!-- setup -->
        <test-method signature="verifyThatTheDayLightButtonIsClickableAndAbleToChangeTheDarkAndLightMode()[pri:0, instance:com.ixfi.testcases.SignUpPageTest@13b6aecc]" started-at="2025-05-22T11:57:20 IST" name="verifyThatTheDayLightButtonIsClickableAndAbleToChangeTheDarkAndLightMode" finished-at="2025-05-22T11:57:29 IST" duration-ms="8859" status="PASS">
          <reporter-output>
          </reporter-output>
        </test-method> <!-- verifyThatTheDayLightButtonIsClickableAndAbleToChangeTheDarkAndLightMode -->
        <test-method is-config="true" signature="setUpTest()[pri:0, instance:com.ixfi.testcases.SignUpPageTest@13b6aecc]" started-at="2025-05-22T11:57:20 IST" name="setUpTest" finished-at="2025-05-22T11:57:20 IST" duration-ms="0" status="PASS">
          <reporter-output>
          </reporter-output>
        </test-method> <!-- setUpTest -->
        <test-method is-config="true" signature="tearDown()[pri:0, instance:com.ixfi.testcases.SignUpPageTest@13b6aecc]" started-at="2025-05-22T11:57:29 IST" name="tearDown" finished-at="2025-05-22T11:57:30 IST" duration-ms="334" status="PASS">
          <reporter-output>
          </reporter-output>
        </test-method> <!-- tearDown -->
        <test-method is-config="true" signature="setup()[pri:0, instance:com.ixfi.testcases.SignUpPageTest@13b6aecc]" started-at="2025-05-22T11:57:30 IST" name="setup" finished-at="2025-05-22T11:57:43 IST" duration-ms="13309" status="PASS">
          <reporter-output>
          </reporter-output>
        </test-method> <!-- setup -->
        <test-method is-config="true" signature="setUpTest()[pri:0, instance:com.ixfi.testcases.SignUpPageTest@13b6aecc]" started-at="2025-05-22T11:57:43 IST" name="setUpTest" finished-at="2025-05-22T11:57:43 IST" duration-ms="2" status="PASS">
          <reporter-output>
          </reporter-output>
        </test-method> <!-- setUpTest -->
        <test-method signature="verifyThatUserIsNavigatedToLoginPageAfterClickinOnLoginLinkPresentOnSignUpPageTest()[pri:0, instance:com.ixfi.testcases.SignUpPageTest@13b6aecc]" started-at="2025-05-22T11:57:43 IST" name="verifyThatUserIsNavigatedToLoginPageAfterClickinOnLoginLinkPresentOnSignUpPageTest" finished-at="2025-05-22T11:57:49 IST" duration-ms="6214" status="PASS">
          <reporter-output>
          </reporter-output>
        </test-method> <!-- verifyThatUserIsNavigatedToLoginPageAfterClickinOnLoginLinkPresentOnSignUpPageTest -->
        <test-method is-config="true" signature="tearDown()[pri:0, instance:com.ixfi.testcases.SignUpPageTest@13b6aecc]" started-at="2025-05-22T11:57:49 IST" name="tearDown" finished-at="2025-05-22T11:57:49 IST" duration-ms="265" status="PASS">
          <reporter-output>
          </reporter-output>
        </test-method> <!-- tearDown -->
        <test-method is-config="true" signature="setup()[pri:0, instance:com.ixfi.testcases.SignUpPageTest@13b6aecc]" started-at="2025-05-22T11:57:49 IST" name="setup" finished-at="2025-05-22T11:57:56 IST" duration-ms="6393" status="PASS">
          <reporter-output>
          </reporter-output>
        </test-method> <!-- setup -->
        <test-method is-config="true" signature="setUpTest()[pri:0, instance:com.ixfi.testcases.SignUpPageTest@13b6aecc]" started-at="2025-05-22T11:57:56 IST" name="setUpTest" finished-at="2025-05-22T11:57:56 IST" duration-ms="1" status="PASS">
          <reporter-output>
          </reporter-output>
        </test-method> <!-- setUpTest -->
        <test-method signature="verifyThatUserIsNavigatedToSignUpPageAfterClickingOnRegisterButton()[pri:0, instance:com.ixfi.testcases.SignUpPageTest@13b6aecc]" started-at="2025-05-22T11:57:56 IST" name="verifyThatUserIsNavigatedToSignUpPageAfterClickingOnRegisterButton" finished-at="2025-05-22T11:57:57 IST" duration-ms="1190" status="PASS">
          <reporter-output>
          </reporter-output>
        </test-method> <!-- verifyThatUserIsNavigatedToSignUpPageAfterClickingOnRegisterButton -->
        <test-method is-config="true" signature="tearDown()[pri:0, instance:com.ixfi.testcases.SignUpPageTest@13b6aecc]" started-at="2025-05-22T11:57:57 IST" name="tearDown" finished-at="2025-05-22T11:57:57 IST" duration-ms="287" status="PASS">
          <reporter-output>
          </reporter-output>
        </test-method> <!-- tearDown -->
        <test-method is-config="true" signature="setup()[pri:0, instance:com.ixfi.testcases.SignUpPageTest@13b6aecc]" started-at="2025-05-22T11:57:57 IST" name="setup" finished-at="2025-05-22T11:58:04 IST" duration-ms="6844" status="PASS">
          <reporter-output>
          </reporter-output>
        </test-method> <!-- setup -->
        <test-method is-config="true" signature="setUpTest()[pri:0, instance:com.ixfi.testcases.SignUpPageTest@13b6aecc]" started-at="2025-05-22T11:58:04 IST" name="setUpTest" finished-at="2025-05-22T11:58:04 IST" duration-ms="0" status="PASS">
          <reporter-output>
          </reporter-output>
        </test-method> <!-- setUpTest -->
        <test-method signature="verifyThatWhenUserEntersWrongInputsWhileSignUpWithEmailItShowsProperValidationMessage()[pri:0, instance:com.ixfi.testcases.SignUpPageTest@13b6aecc]" started-at="2025-05-22T11:58:04 IST" name="verifyThatWhenUserEntersWrongInputsWhileSignUpWithEmailItShowsProperValidationMessage" finished-at="2025-05-22T11:58:07 IST" duration-ms="3013" status="PASS">
          <reporter-output>
          </reporter-output>
        </test-method> <!-- verifyThatWhenUserEntersWrongInputsWhileSignUpWithEmailItShowsProperValidationMessage -->
        <test-method is-config="true" signature="tearDown()[pri:0, instance:com.ixfi.testcases.SignUpPageTest@13b6aecc]" started-at="2025-05-22T11:58:07 IST" name="tearDown" finished-at="2025-05-22T11:58:07 IST" duration-ms="273" status="PASS">
          <reporter-output>
          </reporter-output>
        </test-method> <!-- tearDown -->
        <test-method is-config="true" signature="setup()[pri:0, instance:com.ixfi.testcases.SignUpPageTest@13b6aecc]" started-at="2025-05-22T11:58:07 IST" name="setup" finished-at="2025-05-22T11:58:14 IST" duration-ms="6781" status="PASS">
          <reporter-output>
          </reporter-output>
        </test-method> <!-- setup -->
        <test-method is-config="true" signature="setUpTest()[pri:0, instance:com.ixfi.testcases.SignUpPageTest@13b6aecc]" started-at="2025-05-22T11:58:14 IST" name="setUpTest" finished-at="2025-05-22T11:58:14 IST" duration-ms="1" status="PASS">
          <reporter-output>
          </reporter-output>
        </test-method> <!-- setUpTest -->
        <test-method signature="verifyThatWhenUserEntersWrongInputsWhileSignUpWithPhoneNumberItShowsProperValidationMessage()[pri:0, instance:com.ixfi.testcases.SignUpPageTest@13b6aecc]" started-at="2025-05-22T11:58:14 IST" name="verifyThatWhenUserEntersWrongInputsWhileSignUpWithPhoneNumberItShowsProperValidationMessage" finished-at="2025-05-22T11:58:16 IST" duration-ms="1485" status="PASS">
          <reporter-output>
          </reporter-output>
        </test-method> <!-- verifyThatWhenUserEntersWrongInputsWhileSignUpWithPhoneNumberItShowsProperValidationMessage -->
        <test-method is-config="true" signature="tearDown()[pri:0, instance:com.ixfi.testcases.SignUpPageTest@13b6aecc]" started-at="2025-05-22T11:58:16 IST" name="tearDown" finished-at="2025-05-22T11:58:16 IST" duration-ms="264" status="PASS">
          <reporter-output>
          </reporter-output>
        </test-method> <!-- tearDown -->
        <test-method is-config="true" signature="setup()[pri:0, instance:com.ixfi.testcases.SignUpPageTest@13b6aecc]" started-at="2025-05-22T11:58:16 IST" name="setup" finished-at="2025-05-22T11:58:23 IST" duration-ms="6945" status="PASS">
          <reporter-output>
          </reporter-output>
        </test-method> <!-- setup -->
        <test-method is-config="true" signature="setUpTest()[pri:0, instance:com.ixfi.testcases.SignUpPageTest@13b6aecc]" started-at="2025-05-22T11:58:23 IST" name="setUpTest" finished-at="2025-05-22T11:58:23 IST" duration-ms="1" status="PASS">
          <reporter-output>
          </reporter-output>
        </test-method> <!-- setUpTest -->
        <test-method signature="verifyUserIsNavigatedBackToTheHomePageByClickingOnIxfiLogo()[pri:0, instance:com.ixfi.testcases.SignUpPageTest@13b6aecc]" started-at="2025-05-22T11:58:23 IST" name="verifyUserIsNavigatedBackToTheHomePageByClickingOnIxfiLogo" finished-at="2025-05-22T11:58:33 IST" duration-ms="9653" status="PASS">
          <reporter-output>
          </reporter-output>
        </test-method> <!-- verifyUserIsNavigatedBackToTheHomePageByClickingOnIxfiLogo -->
        <test-method is-config="true" signature="tearDown()[pri:0, instance:com.ixfi.testcases.SignUpPageTest@13b6aecc]" started-at="2025-05-22T11:58:33 IST" name="tearDown" finished-at="2025-05-22T11:58:33 IST" duration-ms="253" status="PASS">
          <reporter-output>
          </reporter-output>
        </test-method> <!-- tearDown -->
        <test-method is-config="true" signature="setup()[pri:0, instance:com.ixfi.testcases.SignUpPageTest@13b6aecc]" started-at="2025-05-22T11:58:33 IST" name="setup" finished-at="2025-05-22T11:59:02 IST" duration-ms="28718" status="PASS">
          <reporter-output>
          </reporter-output>
        </test-method> <!-- setup -->
        <test-method is-config="true" signature="setUpTest()[pri:0, instance:com.ixfi.testcases.SignUpPageTest@13b6aecc]" started-at="2025-05-22T11:59:02 IST" name="setUpTest" finished-at="2025-05-22T11:59:02 IST" duration-ms="2" status="PASS">
          <reporter-output>
          </reporter-output>
        </test-method> <!-- setUpTest -->
        <test-method signature="verifyUserIsNotNavigatedBackToTheHomePageByClickingOnIxfiLogoAndNoOnPopup()[pri:0, instance:com.ixfi.testcases.SignUpPageTest@13b6aecc]" started-at="2025-05-22T11:59:02 IST" name="verifyUserIsNotNavigatedBackToTheHomePageByClickingOnIxfiLogoAndNoOnPopup" finished-at="2025-05-22T11:59:07 IST" duration-ms="5938" status="PASS">
          <reporter-output>
          </reporter-output>
        </test-method> <!-- verifyUserIsNotNavigatedBackToTheHomePageByClickingOnIxfiLogoAndNoOnPopup -->
        <test-method is-config="true" signature="tearDown()[pri:0, instance:com.ixfi.testcases.SignUpPageTest@13b6aecc]" started-at="2025-05-22T11:59:07 IST" name="tearDown" finished-at="2025-05-22T11:59:08 IST" duration-ms="259" status="PASS">
          <reporter-output>
          </reporter-output>
        </test-method> <!-- tearDown -->
      </class> <!-- com.ixfi.testcases.SignUpPageTest -->
      <class name="com.ixfi.testcases.IndexPageTest">
        <test-method is-config="true" signature="loadConfiguration()[pri:0, instance:com.ixfi.testcases.IndexPageTest@69453e37]" started-at="2025-05-22T11:46:01 IST" name="loadConfiguration" finished-at="2025-05-22T11:46:02 IST" duration-ms="1148" status="PASS">
          <reporter-output>
          </reporter-output>
        </test-method> <!-- loadConfiguration -->
        <test-method is-config="true" signature="setup()[pri:0, instance:com.ixfi.testcases.IndexPageTest@69453e37]" started-at="2025-05-22T11:46:02 IST" name="setup" finished-at="2025-05-22T11:46:38 IST" duration-ms="35749" status="PASS">
          <reporter-output>
          </reporter-output>
        </test-method> <!-- setup -->
        <test-method is-config="true" signature="setUpTest()[pri:0, instance:com.ixfi.testcases.IndexPageTest@69453e37]" started-at="2025-05-22T11:46:38 IST" name="setUpTest" finished-at="2025-05-22T11:46:38 IST" duration-ms="122" status="PASS">
          <reporter-output>
          </reporter-output>
        </test-method> <!-- setUpTest -->
        <test-method signature="validateMarketTrendGainersTableDataTest()[pri:0, instance:com.ixfi.testcases.IndexPageTest@69453e37]" started-at="2025-05-22T11:46:38 IST" name="validateMarketTrendGainersTableDataTest" finished-at="2025-05-22T11:46:45 IST" duration-ms="6671" status="PASS">
          <reporter-output>
          </reporter-output>
        </test-method> <!-- validateMarketTrendGainersTableDataTest -->
        <test-method is-config="true" signature="tearDown()[pri:0, instance:com.ixfi.testcases.IndexPageTest@69453e37]" started-at="2025-05-22T11:46:45 IST" name="tearDown" finished-at="2025-05-22T11:46:45 IST" duration-ms="494" status="PASS">
          <reporter-output>
          </reporter-output>
        </test-method> <!-- tearDown -->
        <test-method is-config="true" signature="setup()[pri:0, instance:com.ixfi.testcases.IndexPageTest@69453e37]" started-at="2025-05-22T11:46:45 IST" name="setup" finished-at="2025-05-22T11:46:57 IST" duration-ms="11707" status="PASS">
          <reporter-output>
          </reporter-output>
        </test-method> <!-- setup -->
        <test-method is-config="true" signature="setUpTest()[pri:0, instance:com.ixfi.testcases.IndexPageTest@69453e37]" started-at="2025-05-22T11:46:57 IST" name="setUpTest" finished-at="2025-05-22T11:46:57 IST" duration-ms="7" status="PASS">
          <reporter-output>
          </reporter-output>
        </test-method> <!-- setUpTest -->
        <test-method signature="validateMarketTrendLosersTableDataTest()[pri:0, instance:com.ixfi.testcases.IndexPageTest@69453e37]" started-at="2025-05-22T11:46:57 IST" name="validateMarketTrendLosersTableDataTest" finished-at="2025-05-22T11:47:03 IST" duration-ms="5905" status="PASS">
          <reporter-output>
          </reporter-output>
        </test-method> <!-- validateMarketTrendLosersTableDataTest -->
        <test-method is-config="true" signature="tearDown()[pri:0, instance:com.ixfi.testcases.IndexPageTest@69453e37]" started-at="2025-05-22T11:47:03 IST" name="tearDown" finished-at="2025-05-22T11:47:03 IST" duration-ms="508" status="PASS">
          <reporter-output>
          </reporter-output>
        </test-method> <!-- tearDown -->
        <test-method is-config="true" signature="setup()[pri:0, instance:com.ixfi.testcases.IndexPageTest@69453e37]" started-at="2025-05-22T11:47:03 IST" name="setup" finished-at="2025-05-22T11:47:13 IST" duration-ms="9077" status="PASS">
          <reporter-output>
          </reporter-output>
        </test-method> <!-- setup -->
        <test-method is-config="true" signature="setUpTest()[pri:0, instance:com.ixfi.testcases.IndexPageTest@69453e37]" started-at="2025-05-22T11:47:13 IST" name="setUpTest" finished-at="2025-05-22T11:47:13 IST" duration-ms="7" status="PASS">
          <reporter-output>
          </reporter-output>
        </test-method> <!-- setUpTest -->
        <test-method signature="validateMarketTrendTopTableDataTest()[pri:0, instance:com.ixfi.testcases.IndexPageTest@69453e37]" started-at="2025-05-22T11:47:13 IST" name="validateMarketTrendTopTableDataTest" finished-at="2025-05-22T11:47:19 IST" duration-ms="6449" status="PASS">
          <reporter-output>
          </reporter-output>
        </test-method> <!-- validateMarketTrendTopTableDataTest -->
        <test-method is-config="true" signature="tearDown()[pri:0, instance:com.ixfi.testcases.IndexPageTest@69453e37]" started-at="2025-05-22T11:47:19 IST" name="tearDown" finished-at="2025-05-22T11:47:19 IST" duration-ms="445" status="PASS">
          <reporter-output>
          </reporter-output>
        </test-method> <!-- tearDown -->
        <test-method is-config="true" signature="setup()[pri:0, instance:com.ixfi.testcases.IndexPageTest@69453e37]" started-at="2025-05-22T11:47:19 IST" name="setup" finished-at="2025-05-22T11:47:50 IST" duration-ms="30802" status="PASS">
          <reporter-output>
          </reporter-output>
        </test-method> <!-- setup -->
        <test-method is-config="true" signature="setUpTest()[pri:0, instance:com.ixfi.testcases.IndexPageTest@69453e37]" started-at="2025-05-22T11:47:50 IST" name="setUpTest" finished-at="2025-05-22T11:47:50 IST" duration-ms="4" status="PASS">
          <reporter-output>
          </reporter-output>
        </test-method> <!-- setUpTest -->
        <test-method signature="verifyDetailsButtonFromTheMarketTablesActionColumnIsClickableAndOpenItInNewTab()[pri:0, instance:com.ixfi.testcases.IndexPageTest@69453e37]" started-at="2025-05-22T11:47:50 IST" name="verifyDetailsButtonFromTheMarketTablesActionColumnIsClickableAndOpenItInNewTab" finished-at="2025-05-22T11:47:54 IST" duration-ms="3655" status="FAIL">
          <exception class="java.lang.AssertionError">
            <message>
              <![CDATA[Test failed due to an exception.]]>
            </message>
            <full-stacktrace>
              <![CDATA[java.lang.AssertionError: Test failed due to an exception.
at org.testng.Assert.fail(Assert.java:99)
at com.ixfi.testcases.IndexPageTest.verifyDetailsButtonFromTheMarketTablesActionColumnIsClickableAndOpenItInNewTab(IndexPageTest.java:677)
at java.base/jdk.internal.reflect.DirectMethodHandleAccessor.invoke(DirectMethodHandleAccessor.java:103)
at java.base/java.lang.reflect.Method.invoke(Method.java:580)
at org.testng.internal.MethodInvocationHelper.invokeMethod(MethodInvocationHelper.java:133)
at org.testng.internal.TestInvoker.invokeMethod(TestInvoker.java:598)
at org.testng.internal.TestInvoker.invokeTestMethod(TestInvoker.java:173)
at org.testng.internal.MethodRunner.runInSequence(MethodRunner.java:46)
at org.testng.internal.TestInvoker$MethodInvocationAgent.invoke(TestInvoker.java:824)
at org.testng.internal.TestInvoker.invokeTestMethods(TestInvoker.java:146)
at org.testng.internal.TestMethodWorker.invokeTestMethods(TestMethodWorker.java:146)
at org.testng.internal.TestMethodWorker.run(TestMethodWorker.java:128)
at java.base/java.util.ArrayList.forEach(ArrayList.java:1597)
at org.testng.TestRunner.privateRun(TestRunner.java:794)
at org.testng.TestRunner.run(TestRunner.java:596)
at org.testng.SuiteRunner.runTest(SuiteRunner.java:377)
at org.testng.SuiteRunner.runSequentially(SuiteRunner.java:371)
at org.testng.SuiteRunner.privateRun(SuiteRunner.java:332)
at org.testng.SuiteRunner.run(SuiteRunner.java:276)
at org.testng.SuiteRunnerWorker.runSuite(SuiteRunnerWorker.java:53)
at org.testng.SuiteRunnerWorker.run(SuiteRunnerWorker.java:96)
at org.testng.TestNG.runSuitesSequentially(TestNG.java:1212)
at org.testng.TestNG.runSuitesLocally(TestNG.java:1134)
at org.testng.TestNG.runSuites(TestNG.java:1063)
at org.testng.TestNG.run(TestNG.java:1031)
at org.testng.remote.AbstractRemoteTestNG.run(AbstractRemoteTestNG.java:115)
at org.testng.remote.RemoteTestNG.initAndRun(RemoteTestNG.java:293)
at org.testng.remote.RemoteTestNG.main(RemoteTestNG.java:91)
]]>
            </full-stacktrace>
          </exception> <!-- java.lang.AssertionError -->
          <reporter-output>
          </reporter-output>
        </test-method> <!-- verifyDetailsButtonFromTheMarketTablesActionColumnIsClickableAndOpenItInNewTab -->
        <test-method is-config="true" signature="tearDown()[pri:0, instance:com.ixfi.testcases.IndexPageTest@69453e37]" started-at="2025-05-22T11:47:54 IST" name="tearDown" finished-at="2025-05-22T11:47:55 IST" duration-ms="389" status="PASS">
          <reporter-output>
          </reporter-output>
        </test-method> <!-- tearDown -->
        <test-method is-config="true" signature="setup()[pri:0, instance:com.ixfi.testcases.IndexPageTest@69453e37]" started-at="2025-05-22T11:47:55 IST" name="setup" finished-at="2025-05-22T11:48:02 IST" duration-ms="6760" status="PASS">
          <reporter-output>
          </reporter-output>
        </test-method> <!-- setup -->
        <test-method is-config="true" signature="setUpTest()[pri:0, instance:com.ixfi.testcases.IndexPageTest@69453e37]" started-at="2025-05-22T11:48:02 IST" name="setUpTest" finished-at="2025-05-22T11:48:02 IST" duration-ms="3" status="PASS">
          <reporter-output>
          </reporter-output>
        </test-method> <!-- setUpTest -->
        <test-method signature="verifyDownloadButtonIsClickableUnderHamburgerMenu()[pri:0, instance:com.ixfi.testcases.IndexPageTest@69453e37]" started-at="2025-05-22T11:48:02 IST" name="verifyDownloadButtonIsClickableUnderHamburgerMenu" finished-at="2025-05-22T11:48:09 IST" duration-ms="7169" status="PASS">
          <reporter-output>
          </reporter-output>
        </test-method> <!-- verifyDownloadButtonIsClickableUnderHamburgerMenu -->
        <test-method is-config="true" signature="tearDown()[pri:0, instance:com.ixfi.testcases.IndexPageTest@69453e37]" started-at="2025-05-22T11:48:09 IST" name="tearDown" finished-at="2025-05-22T11:48:09 IST" duration-ms="346" status="PASS">
          <reporter-output>
          </reporter-output>
        </test-method> <!-- tearDown -->
        <test-method is-config="true" signature="setup()[pri:0, instance:com.ixfi.testcases.IndexPageTest@69453e37]" started-at="2025-05-22T11:48:09 IST" name="setup" finished-at="2025-05-22T11:48:17 IST" duration-ms="7644" status="PASS">
          <reporter-output>
          </reporter-output>
        </test-method> <!-- setup -->
        <test-method is-config="true" signature="setUpTest()[pri:0, instance:com.ixfi.testcases.IndexPageTest@69453e37]" started-at="2025-05-22T11:48:17 IST" name="setUpTest" finished-at="2025-05-22T11:48:17 IST" duration-ms="0" status="PASS">
          <reporter-output>
          </reporter-output>
        </test-method> <!-- setUpTest -->
        <test-method signature="verifyIXFIWebPageTitle()[pri:0, instance:com.ixfi.testcases.IndexPageTest@69453e37]" started-at="2025-05-22T11:48:17 IST" name="verifyIXFIWebPageTitle" finished-at="2025-05-22T11:48:17 IST" duration-ms="51" status="PASS">
          <reporter-output>
          </reporter-output>
        </test-method> <!-- verifyIXFIWebPageTitle -->
        <test-method is-config="true" signature="tearDown()[pri:0, instance:com.ixfi.testcases.IndexPageTest@69453e37]" started-at="2025-05-22T11:48:17 IST" name="tearDown" finished-at="2025-05-22T11:48:17 IST" duration-ms="336" status="PASS">
          <reporter-output>
          </reporter-output>
        </test-method> <!-- tearDown -->
        <test-method is-config="true" signature="setup()[pri:0, instance:com.ixfi.testcases.IndexPageTest@69453e37]" started-at="2025-05-22T11:48:17 IST" name="setup" finished-at="2025-05-22T11:48:26 IST" duration-ms="9162" status="PASS">
          <reporter-output>
          </reporter-output>
        </test-method> <!-- setup -->
        <test-method is-config="true" signature="setUpTest()[pri:0, instance:com.ixfi.testcases.IndexPageTest@69453e37]" started-at="2025-05-22T11:48:26 IST" name="setUpTest" finished-at="2025-05-22T11:48:26 IST" duration-ms="2" status="PASS">
          <reporter-output>
          </reporter-output>
        </test-method> <!-- setUpTest -->
        <test-method signature="verifyLangaugeButtonIsClickableUnderHamburgerMenuAndUserIsAbleToExtractTheLanguagesAndClickOnThem()[pri:0, instance:com.ixfi.testcases.IndexPageTest@69453e37]" started-at="2025-05-22T11:48:26 IST" name="verifyLangaugeButtonIsClickableUnderHamburgerMenuAndUserIsAbleToExtractTheLanguagesAndClickOnThem" finished-at="2025-05-22T11:48:41 IST" duration-ms="14277" status="PASS">
          <reporter-output>
          </reporter-output>
        </test-method> <!-- verifyLangaugeButtonIsClickableUnderHamburgerMenuAndUserIsAbleToExtractTheLanguagesAndClickOnThem -->
        <test-method is-config="true" signature="tearDown()[pri:0, instance:com.ixfi.testcases.IndexPageTest@69453e37]" started-at="2025-05-22T11:48:41 IST" name="tearDown" finished-at="2025-05-22T11:48:41 IST" duration-ms="368" status="PASS">
          <reporter-output>
          </reporter-output>
        </test-method> <!-- tearDown -->
        <test-method is-config="true" signature="setup()[pri:0, instance:com.ixfi.testcases.IndexPageTest@69453e37]" started-at="2025-05-22T11:48:41 IST" name="setup" finished-at="2025-05-22T11:48:59 IST" duration-ms="17908" status="PASS">
          <reporter-output>
          </reporter-output>
        </test-method> <!-- setup -->
        <test-method is-config="true" signature="setUpTest()[pri:0, instance:com.ixfi.testcases.IndexPageTest@69453e37]" started-at="2025-05-22T11:48:59 IST" name="setUpTest" finished-at="2025-05-22T11:48:59 IST" duration-ms="5" status="PASS">
          <reporter-output>
          </reporter-output>
        </test-method> <!-- setUpTest -->
        <test-method signature="verifyLoginButtonIsClickable()[pri:0, instance:com.ixfi.testcases.IndexPageTest@69453e37]" started-at="2025-05-22T11:48:59 IST" name="verifyLoginButtonIsClickable" finished-at="2025-05-22T11:49:02 IST" duration-ms="3675" status="PASS">
          <reporter-output>
          </reporter-output>
        </test-method> <!-- verifyLoginButtonIsClickable -->
        <test-method is-config="true" signature="tearDown()[pri:0, instance:com.ixfi.testcases.IndexPageTest@69453e37]" started-at="2025-05-22T11:49:02 IST" name="tearDown" finished-at="2025-05-22T11:49:03 IST" duration-ms="391" status="PASS">
          <reporter-output>
          </reporter-output>
        </test-method> <!-- tearDown -->
        <test-method is-config="true" signature="setup()[pri:0, instance:com.ixfi.testcases.IndexPageTest@69453e37]" started-at="2025-05-22T11:49:03 IST" name="setup" finished-at="2025-05-22T11:49:31 IST" duration-ms="27972" status="PASS">
          <reporter-output>
          </reporter-output>
        </test-method> <!-- setup -->
        <test-method is-config="true" signature="setUpTest()[pri:0, instance:com.ixfi.testcases.IndexPageTest@69453e37]" started-at="2025-05-22T11:49:31 IST" name="setUpTest" finished-at="2025-05-22T11:49:31 IST" duration-ms="2" status="PASS">
          <reporter-output>
          </reporter-output>
        </test-method> <!-- setUpTest -->
        <test-method signature="verifyLoginButtonIsClickableAndUserIsNavigatedToLoginPage()[pri:0, instance:com.ixfi.testcases.IndexPageTest@69453e37]" started-at="2025-05-22T11:49:31 IST" name="verifyLoginButtonIsClickableAndUserIsNavigatedToLoginPage" finished-at="2025-05-22T11:49:35 IST" duration-ms="4633" status="PASS">
          <reporter-output>
          </reporter-output>
        </test-method> <!-- verifyLoginButtonIsClickableAndUserIsNavigatedToLoginPage -->
        <test-method is-config="true" signature="tearDown()[pri:0, instance:com.ixfi.testcases.IndexPageTest@69453e37]" started-at="2025-05-22T11:49:35 IST" name="tearDown" finished-at="2025-05-22T11:49:36 IST" duration-ms="322" status="PASS">
          <reporter-output>
          </reporter-output>
        </test-method> <!-- tearDown -->
        <test-method is-config="true" signature="setup()[pri:0, instance:com.ixfi.testcases.IndexPageTest@69453e37]" started-at="2025-05-22T11:49:36 IST" name="setup" finished-at="2025-05-22T11:50:11 IST" duration-ms="35572" status="PASS">
          <reporter-output>
          </reporter-output>
        </test-method> <!-- setup -->
        <test-method is-config="true" signature="setUpTest()[pri:0, instance:com.ixfi.testcases.IndexPageTest@69453e37]" started-at="2025-05-22T11:50:11 IST" name="setUpTest" finished-at="2025-05-22T11:50:11 IST" duration-ms="2" status="PASS">
          <reporter-output>
          </reporter-output>
        </test-method> <!-- setUpTest -->
        <test-method signature="verifyPresenceOfIxfiLogo()[pri:0, instance:com.ixfi.testcases.IndexPageTest@69453e37]" started-at="2025-05-22T11:50:11 IST" name="verifyPresenceOfIxfiLogo" finished-at="2025-05-22T11:50:11 IST" duration-ms="89" status="PASS">
          <reporter-output>
          </reporter-output>
        </test-method> <!-- verifyPresenceOfIxfiLogo -->
        <test-method is-config="true" signature="tearDown()[pri:0, instance:com.ixfi.testcases.IndexPageTest@69453e37]" started-at="2025-05-22T11:50:11 IST" name="tearDown" finished-at="2025-05-22T11:50:12 IST" duration-ms="337" status="PASS">
          <reporter-output>
          </reporter-output>
        </test-method> <!-- tearDown -->
        <test-method is-config="true" signature="setup()[pri:0, instance:com.ixfi.testcases.IndexPageTest@69453e37]" started-at="2025-05-22T11:50:12 IST" name="setup" finished-at="2025-05-22T11:50:19 IST" duration-ms="7479" status="PASS">
          <reporter-output>
          </reporter-output>
        </test-method> <!-- setup -->
        <test-method is-config="true" signature="setUpTest()[pri:0, instance:com.ixfi.testcases.IndexPageTest@69453e37]" started-at="2025-05-22T11:50:19 IST" name="setUpTest" finished-at="2025-05-22T11:50:19 IST" duration-ms="2" status="PASS">
          <reporter-output>
          </reporter-output>
        </test-method> <!-- setUpTest -->
        <test-method signature="verifySignUpButtonIsClickable()[pri:0, instance:com.ixfi.testcases.IndexPageTest@69453e37]" started-at="2025-05-22T11:50:19 IST" name="verifySignUpButtonIsClickable" finished-at="2025-05-22T11:50:20 IST" duration-ms="460" status="PASS">
          <reporter-output>
          </reporter-output>
        </test-method> <!-- verifySignUpButtonIsClickable -->
        <test-method is-config="true" signature="tearDown()[pri:0, instance:com.ixfi.testcases.IndexPageTest@69453e37]" started-at="2025-05-22T11:50:20 IST" name="tearDown" finished-at="2025-05-22T11:50:20 IST" duration-ms="331" status="PASS">
          <reporter-output>
          </reporter-output>
        </test-method> <!-- tearDown -->
        <test-method is-config="true" signature="setup()[pri:0, instance:com.ixfi.testcases.IndexPageTest@69453e37]" started-at="2025-05-22T11:50:20 IST" name="setup" finished-at="2025-05-22T11:50:27 IST" duration-ms="7115" status="PASS">
          <reporter-output>
          </reporter-output>
        </test-method> <!-- setup -->
        <test-method is-config="true" signature="setUpTest()[pri:0, instance:com.ixfi.testcases.IndexPageTest@69453e37]" started-at="2025-05-22T11:50:27 IST" name="setUpTest" finished-at="2025-05-22T11:50:27 IST" duration-ms="2" status="PASS">
          <reporter-output>
          </reporter-output>
        </test-method> <!-- setUpTest -->
        <test-method signature="verifyThatBottomSectionsDownloadAppWillOpenInNewTab()[pri:0, instance:com.ixfi.testcases.IndexPageTest@69453e37]" started-at="2025-05-22T11:50:27 IST" name="verifyThatBottomSectionsDownloadAppWillOpenInNewTab" finished-at="2025-05-22T11:50:42 IST" duration-ms="14667" status="PASS">
          <reporter-output>
          </reporter-output>
        </test-method> <!-- verifyThatBottomSectionsDownloadAppWillOpenInNewTab -->
        <test-method is-config="true" signature="tearDown()[pri:0, instance:com.ixfi.testcases.IndexPageTest@69453e37]" started-at="2025-05-22T11:50:42 IST" name="tearDown" finished-at="2025-05-22T11:50:42 IST" duration-ms="576" status="PASS">
          <reporter-output>
          </reporter-output>
        </test-method> <!-- tearDown -->
        <test-method is-config="true" signature="setup()[pri:0, instance:com.ixfi.testcases.IndexPageTest@69453e37]" started-at="2025-05-22T11:50:42 IST" name="setup" finished-at="2025-05-22T11:50:49 IST" duration-ms="6616" status="PASS">
          <reporter-output>
          </reporter-output>
        </test-method> <!-- setup -->
        <test-method is-config="true" signature="setUpTest()[pri:0, instance:com.ixfi.testcases.IndexPageTest@69453e37]" started-at="2025-05-22T11:50:49 IST" name="setUpTest" finished-at="2025-05-22T11:50:49 IST" duration-ms="2" status="PASS">
          <reporter-output>
          </reporter-output>
        </test-method> <!-- setUpTest -->
        <test-method signature="verifyThatCurrencyButtonIsClickableUnderHamburgerMenuAndUserIsAbleToSelectTheCurrency()[pri:0, instance:com.ixfi.testcases.IndexPageTest@69453e37]" started-at="2025-05-22T11:50:49 IST" name="verifyThatCurrencyButtonIsClickableUnderHamburgerMenuAndUserIsAbleToSelectTheCurrency" finished-at="2025-05-22T11:51:02 IST" duration-ms="13058" status="PASS">
          <reporter-output>
          </reporter-output>
        </test-method> <!-- verifyThatCurrencyButtonIsClickableUnderHamburgerMenuAndUserIsAbleToSelectTheCurrency -->
        <test-method is-config="true" signature="tearDown()[pri:0, instance:com.ixfi.testcases.IndexPageTest@69453e37]" started-at="2025-05-22T11:51:02 IST" name="tearDown" finished-at="2025-05-22T11:51:02 IST" duration-ms="286" status="PASS">
          <reporter-output>
          </reporter-output>
        </test-method> <!-- tearDown -->
        <test-method is-config="true" signature="setup()[pri:0, instance:com.ixfi.testcases.IndexPageTest@69453e37]" started-at="2025-05-22T11:51:02 IST" name="setup" finished-at="2025-05-22T11:51:09 IST" duration-ms="6907" status="PASS">
          <reporter-output>
          </reporter-output>
        </test-method> <!-- setup -->
        <test-method is-config="true" signature="setUpTest()[pri:0, instance:com.ixfi.testcases.IndexPageTest@69453e37]" started-at="2025-05-22T11:51:09 IST" name="setUpTest" finished-at="2025-05-22T11:51:09 IST" duration-ms="1" status="PASS">
          <reporter-output>
          </reporter-output>
        </test-method> <!-- setUpTest -->
        <test-method signature="verifyThatStartTradingNowButtonIsClickableAndUserIsNavigatedToTradePage()[pri:0, instance:com.ixfi.testcases.IndexPageTest@69453e37]" started-at="2025-05-22T11:51:09 IST" name="verifyThatStartTradingNowButtonIsClickableAndUserIsNavigatedToTradePage" finished-at="2025-05-22T11:51:14 IST" duration-ms="4256" status="FAIL">
          <exception class="java.lang.AssertionError">
            <message>
              <![CDATA[TradePage Actual and expected titles are not matched,Please verify Again expected [BTCUSDT Trading and Charts | IXFI Spot Trading] but found [BTCUSDC Trading and Charts | IXFI Spot Trading]]]>
            </message>
            <full-stacktrace>
              <![CDATA[java.lang.AssertionError: TradePage Actual and expected titles are not matched,Please verify Again expected [BTCUSDT Trading and Charts | IXFI Spot Trading] but found [BTCUSDC Trading and Charts | IXFI Spot Trading]
at org.testng.Assert.fail(Assert.java:99)
at org.testng.Assert.failNotEquals(Assert.java:1037)
at org.testng.Assert.assertEqualsImpl(Assert.java:140)
at org.testng.Assert.assertEquals(Assert.java:122)
at org.testng.Assert.assertEquals(Assert.java:629)
at com.ixfi.testcases.IndexPageTest.verifyThatStartTradingNowButtonIsClickableAndUserIsNavigatedToTradePage(IndexPageTest.java:728)
at java.base/jdk.internal.reflect.DirectMethodHandleAccessor.invoke(DirectMethodHandleAccessor.java:103)
at java.base/java.lang.reflect.Method.invoke(Method.java:580)
at org.testng.internal.MethodInvocationHelper.invokeMethod(MethodInvocationHelper.java:133)
at org.testng.internal.TestInvoker.invokeMethod(TestInvoker.java:598)
at org.testng.internal.TestInvoker.invokeTestMethod(TestInvoker.java:173)
at org.testng.internal.MethodRunner.runInSequence(MethodRunner.java:46)
at org.testng.internal.TestInvoker$MethodInvocationAgent.invoke(TestInvoker.java:824)
at org.testng.internal.TestInvoker.invokeTestMethods(TestInvoker.java:146)
at org.testng.internal.TestMethodWorker.invokeTestMethods(TestMethodWorker.java:146)
at org.testng.internal.TestMethodWorker.run(TestMethodWorker.java:128)
at java.base/java.util.ArrayList.forEach(ArrayList.java:1597)
at org.testng.TestRunner.privateRun(TestRunner.java:794)
at org.testng.TestRunner.run(TestRunner.java:596)
at org.testng.SuiteRunner.runTest(SuiteRunner.java:377)
at org.testng.SuiteRunner.runSequentially(SuiteRunner.java:371)
at org.testng.SuiteRunner.privateRun(SuiteRunner.java:332)
at org.testng.SuiteRunner.run(SuiteRunner.java:276)
at org.testng.SuiteRunnerWorker.runSuite(SuiteRunnerWorker.java:53)
at org.testng.SuiteRunnerWorker.run(SuiteRunnerWorker.java:96)
at org.testng.TestNG.runSuitesSequentially(TestNG.java:1212)
at org.testng.TestNG.runSuitesLocally(TestNG.java:1134)
at org.testng.TestNG.runSuites(TestNG.java:1063)
at org.testng.TestNG.run(TestNG.java:1031)
at org.testng.remote.AbstractRemoteTestNG.run(AbstractRemoteTestNG.java:115)
at org.testng.remote.RemoteTestNG.initAndRun(RemoteTestNG.java:293)
at org.testng.remote.RemoteTestNG.main(RemoteTestNG.java:91)
]]>
            </full-stacktrace>
          </exception> <!-- java.lang.AssertionError -->
          <reporter-output>
          </reporter-output>
        </test-method> <!-- verifyThatStartTradingNowButtonIsClickableAndUserIsNavigatedToTradePage -->
        <test-method is-config="true" signature="tearDown()[pri:0, instance:com.ixfi.testcases.IndexPageTest@69453e37]" started-at="2025-05-22T11:51:14 IST" name="tearDown" finished-at="2025-05-22T11:51:14 IST" duration-ms="405" status="PASS">
          <reporter-output>
          </reporter-output>
        </test-method> <!-- tearDown -->
        <test-method is-config="true" signature="setup()[pri:0, instance:com.ixfi.testcases.IndexPageTest@69453e37]" started-at="2025-05-22T11:51:14 IST" name="setup" finished-at="2025-05-22T11:51:21 IST" duration-ms="7029" status="PASS">
          <reporter-output>
          </reporter-output>
        </test-method> <!-- setup -->
        <test-method is-config="true" signature="setUpTest()[pri:0, instance:com.ixfi.testcases.IndexPageTest@69453e37]" started-at="2025-05-22T11:51:21 IST" name="setUpTest" finished-at="2025-05-22T11:51:21 IST" duration-ms="2" status="PASS">
          <reporter-output>
          </reporter-output>
        </test-method> <!-- setUpTest -->
        <test-method signature="verifyThatTheIXFITokenCardSectionIsVisible()[pri:0, instance:com.ixfi.testcases.IndexPageTest@69453e37]" started-at="2025-05-22T11:51:21 IST" name="verifyThatTheIXFITokenCardSectionIsVisible" finished-at="2025-05-22T11:51:24 IST" duration-ms="2510" status="PASS">
          <reporter-output>
          </reporter-output>
        </test-method> <!-- verifyThatTheIXFITokenCardSectionIsVisible -->
        <test-method is-config="true" signature="tearDown()[pri:0, instance:com.ixfi.testcases.IndexPageTest@69453e37]" started-at="2025-05-22T11:51:24 IST" name="tearDown" finished-at="2025-05-22T11:51:24 IST" duration-ms="283" status="PASS">
          <reporter-output>
          </reporter-output>
        </test-method> <!-- tearDown -->
        <test-method is-config="true" signature="setup()[pri:0, instance:com.ixfi.testcases.IndexPageTest@69453e37]" started-at="2025-05-22T11:51:24 IST" name="setup" finished-at="2025-05-22T11:51:31 IST" duration-ms="7273" status="PASS">
          <reporter-output>
          </reporter-output>
        </test-method> <!-- setup -->
        <test-method is-config="true" signature="setUpTest()[pri:0, instance:com.ixfi.testcases.IndexPageTest@69453e37]" started-at="2025-05-22T11:51:31 IST" name="setUpTest" finished-at="2025-05-22T11:51:31 IST" duration-ms="2" status="PASS">
          <reporter-output>
          </reporter-output>
        </test-method> <!-- setUpTest -->
        <test-method signature="verifyThatTopSectionsDownloadAppWillOpenInNewTab()[pri:0, instance:com.ixfi.testcases.IndexPageTest@69453e37]" started-at="2025-05-22T11:51:31 IST" name="verifyThatTopSectionsDownloadAppWillOpenInNewTab" finished-at="2025-05-22T11:51:39 IST" duration-ms="7873" status="PASS">
          <reporter-output>
          </reporter-output>
        </test-method> <!-- verifyThatTopSectionsDownloadAppWillOpenInNewTab -->
        <test-method is-config="true" signature="tearDown()[pri:0, instance:com.ixfi.testcases.IndexPageTest@69453e37]" started-at="2025-05-22T11:51:39 IST" name="tearDown" finished-at="2025-05-22T11:51:40 IST" duration-ms="433" status="PASS">
          <reporter-output>
          </reporter-output>
        </test-method> <!-- tearDown -->
        <test-method is-config="true" signature="setup()[pri:0, instance:com.ixfi.testcases.IndexPageTest@69453e37]" started-at="2025-05-22T11:51:40 IST" name="setup" finished-at="2025-05-22T11:51:46 IST" duration-ms="6283" status="PASS">
          <reporter-output>
          </reporter-output>
        </test-method> <!-- setup -->
        <test-method is-config="true" signature="setUpTest()[pri:0, instance:com.ixfi.testcases.IndexPageTest@69453e37]" started-at="2025-05-22T11:51:46 IST" name="setUpTest" finished-at="2025-05-22T11:51:46 IST" duration-ms="3" status="PASS">
          <reporter-output>
          </reporter-output>
        </test-method> <!-- setUpTest -->
        <test-method signature="verifyThatUserIsAbleToClickIXFIBannerLinkAndOpenItInNewTab()[pri:0, instance:com.ixfi.testcases.IndexPageTest@69453e37]" started-at="2025-05-22T11:51:46 IST" name="verifyThatUserIsAbleToClickIXFIBannerLinkAndOpenItInNewTab" finished-at="2025-05-22T11:51:51 IST" duration-ms="4719" status="PASS">
          <reporter-output>
          </reporter-output>
        </test-method> <!-- verifyThatUserIsAbleToClickIXFIBannerLinkAndOpenItInNewTab -->
        <test-method is-config="true" signature="tearDown()[pri:0, instance:com.ixfi.testcases.IndexPageTest@69453e37]" started-at="2025-05-22T11:51:51 IST" name="tearDown" finished-at="2025-05-22T11:51:51 IST" duration-ms="428" status="PASS">
          <reporter-output>
          </reporter-output>
        </test-method> <!-- tearDown -->
        <test-method is-config="true" signature="setup()[pri:0, instance:com.ixfi.testcases.IndexPageTest@69453e37]" started-at="2025-05-22T11:51:51 IST" name="setup" finished-at="2025-05-22T11:52:00 IST" duration-ms="8507" status="PASS">
          <reporter-output>
          </reporter-output>
        </test-method> <!-- setup -->
        <test-method is-config="true" signature="setUpTest()[pri:0, instance:com.ixfi.testcases.IndexPageTest@69453e37]" started-at="2025-05-22T11:52:00 IST" name="setUpTest" finished-at="2025-05-22T11:52:00 IST" duration-ms="3" status="PASS">
          <reporter-output>
          </reporter-output>
        </test-method> <!-- setUpTest -->
        <test-method signature="verifyThatUserIsAbleToClickOnCompleteTaskSectionAndAbleToNavigateToTheRewardsProgramTaskCenterPage()[pri:0, instance:com.ixfi.testcases.IndexPageTest@69453e37]" started-at="2025-05-22T11:52:00 IST" name="verifyThatUserIsAbleToClickOnCompleteTaskSectionAndAbleToNavigateToTheRewardsProgramTaskCenterPage" finished-at="2025-05-22T11:52:06 IST" duration-ms="6666" status="PASS">
          <reporter-output>
          </reporter-output>
        </test-method> <!-- verifyThatUserIsAbleToClickOnCompleteTaskSectionAndAbleToNavigateToTheRewardsProgramTaskCenterPage -->
        <test-method is-config="true" signature="tearDown()[pri:0, instance:com.ixfi.testcases.IndexPageTest@69453e37]" started-at="2025-05-22T11:52:06 IST" name="tearDown" finished-at="2025-05-22T11:52:07 IST" duration-ms="572" status="PASS">
          <reporter-output>
          </reporter-output>
        </test-method> <!-- tearDown -->
        <test-method is-config="true" signature="setup()[pri:0, instance:com.ixfi.testcases.IndexPageTest@69453e37]" started-at="2025-05-22T11:52:07 IST" name="setup" finished-at="2025-05-22T11:52:14 IST" duration-ms="7403" status="PASS">
          <reporter-output>
          </reporter-output>
        </test-method> <!-- setup -->
        <test-method is-config="true" signature="setUpTest()[pri:0, instance:com.ixfi.testcases.IndexPageTest@69453e37]" started-at="2025-05-22T11:52:14 IST" name="setUpTest" finished-at="2025-05-22T11:52:14 IST" duration-ms="1" status="PASS">
          <reporter-output>
          </reporter-output>
        </test-method> <!-- setUpTest -->
        <test-method signature="verifyThatUserIsAbleToClickOnGetFreeCryptoSectionAndAbleToNavigateToTheRewardsProgramPage()[pri:0, instance:com.ixfi.testcases.IndexPageTest@69453e37]" started-at="2025-05-22T11:52:14 IST" name="verifyThatUserIsAbleToClickOnGetFreeCryptoSectionAndAbleToNavigateToTheRewardsProgramPage" finished-at="2025-05-22T11:52:29 IST" duration-ms="14354" status="PASS">
          <reporter-output>
          </reporter-output>
        </test-method> <!-- verifyThatUserIsAbleToClickOnGetFreeCryptoSectionAndAbleToNavigateToTheRewardsProgramPage -->
        <test-method is-config="true" signature="tearDown()[pri:0, instance:com.ixfi.testcases.IndexPageTest@69453e37]" started-at="2025-05-22T11:52:29 IST" name="tearDown" finished-at="2025-05-22T11:52:29 IST" duration-ms="433" status="PASS">
          <reporter-output>
          </reporter-output>
        </test-method> <!-- tearDown -->
        <test-method is-config="true" signature="setup()[pri:0, instance:com.ixfi.testcases.IndexPageTest@69453e37]" started-at="2025-05-22T11:52:29 IST" name="setup" finished-at="2025-05-22T11:52:37 IST" duration-ms="7343" status="PASS">
          <reporter-output>
          </reporter-output>
        </test-method> <!-- setup -->
        <test-method is-config="true" signature="setUpTest()[pri:0, instance:com.ixfi.testcases.IndexPageTest@69453e37]" started-at="2025-05-22T11:52:37 IST" name="setUpTest" finished-at="2025-05-22T11:52:37 IST" duration-ms="2" status="PASS">
          <reporter-output>
          </reporter-output>
        </test-method> <!-- setUpTest -->
        <test-method signature="verifyThatUserIsAbleToClickOnJoinIXFISectionAndAbleToNavigateToTheSignUpPage()[pri:0, instance:com.ixfi.testcases.IndexPageTest@69453e37]" started-at="2025-05-22T11:52:37 IST" name="verifyThatUserIsAbleToClickOnJoinIXFISectionAndAbleToNavigateToTheSignUpPage" finished-at="2025-05-22T11:52:41 IST" duration-ms="4213" status="PASS">
          <reporter-output>
          </reporter-output>
        </test-method> <!-- verifyThatUserIsAbleToClickOnJoinIXFISectionAndAbleToNavigateToTheSignUpPage -->
        <test-method is-config="true" signature="tearDown()[pri:0, instance:com.ixfi.testcases.IndexPageTest@69453e37]" started-at="2025-05-22T11:52:41 IST" name="tearDown" finished-at="2025-05-22T11:52:41 IST" duration-ms="528" status="PASS">
          <reporter-output>
          </reporter-output>
        </test-method> <!-- tearDown -->
        <test-method is-config="true" signature="setup()[pri:0, instance:com.ixfi.testcases.IndexPageTest@69453e37]" started-at="2025-05-22T11:52:41 IST" name="setup" finished-at="2025-05-22T11:52:48 IST" duration-ms="6930" status="PASS">
          <reporter-output>
          </reporter-output>
        </test-method> <!-- setup -->
        <test-method is-config="true" signature="setUpTest()[pri:0, instance:com.ixfi.testcases.IndexPageTest@69453e37]" started-at="2025-05-22T11:52:48 IST" name="setUpTest" finished-at="2025-05-22T11:52:48 IST" duration-ms="2" status="PASS">
          <reporter-output>
          </reporter-output>
        </test-method> <!-- setUpTest -->
        <test-method signature="verifyThatUserIsAbleToNavigateToTheEarnPlatformRewardsProgramSectionAndValidateTheParagraphOfTheSection()[pri:0, instance:com.ixfi.testcases.IndexPageTest@69453e37]" started-at="2025-05-22T11:52:48 IST" name="verifyThatUserIsAbleToNavigateToTheEarnPlatformRewardsProgramSectionAndValidateTheParagraphOfTheSection" finished-at="2025-05-22T11:52:48 IST" duration-ms="234" status="PASS">
          <reporter-output>
          </reporter-output>
        </test-method> <!-- verifyThatUserIsAbleToNavigateToTheEarnPlatformRewardsProgramSectionAndValidateTheParagraphOfTheSection -->
        <test-method is-config="true" signature="tearDown()[pri:0, instance:com.ixfi.testcases.IndexPageTest@69453e37]" started-at="2025-05-22T11:52:48 IST" name="tearDown" finished-at="2025-05-22T11:52:49 IST" duration-ms="276" status="PASS">
          <reporter-output>
          </reporter-output>
        </test-method> <!-- tearDown -->
        <test-method is-config="true" signature="setup()[pri:0, instance:com.ixfi.testcases.IndexPageTest@69453e37]" started-at="2025-05-22T11:52:49 IST" name="setup" finished-at="2025-05-22T11:52:56 IST" duration-ms="7568" status="PASS">
          <reporter-output>
          </reporter-output>
        </test-method> <!-- setup -->
        <test-method is-config="true" signature="setUpTest()[pri:0, instance:com.ixfi.testcases.IndexPageTest@69453e37]" started-at="2025-05-22T11:52:56 IST" name="setUpTest" finished-at="2025-05-22T11:52:56 IST" duration-ms="4" status="PASS">
          <reporter-output>
          </reporter-output>
        </test-method> <!-- setUpTest -->
        <test-method signature="verifyThatUserIsAbleToNavigateToTheEarnPlatformRewardsProgramSectionAndValidateTheTitleOfTheSection()[pri:0, instance:com.ixfi.testcases.IndexPageTest@69453e37]" started-at="2025-05-22T11:52:56 IST" name="verifyThatUserIsAbleToNavigateToTheEarnPlatformRewardsProgramSectionAndValidateTheTitleOfTheSection" finished-at="2025-05-22T11:52:57 IST" duration-ms="213" status="PASS">
          <reporter-output>
          </reporter-output>
        </test-method> <!-- verifyThatUserIsAbleToNavigateToTheEarnPlatformRewardsProgramSectionAndValidateTheTitleOfTheSection -->
        <test-method is-config="true" signature="tearDown()[pri:0, instance:com.ixfi.testcases.IndexPageTest@69453e37]" started-at="2025-05-22T11:52:57 IST" name="tearDown" finished-at="2025-05-22T11:52:57 IST" duration-ms="278" status="PASS">
          <reporter-output>
          </reporter-output>
        </test-method> <!-- tearDown -->
        <test-method is-config="true" signature="setup()[pri:0, instance:com.ixfi.testcases.IndexPageTest@69453e37]" started-at="2025-05-22T11:52:57 IST" name="setup" finished-at="2025-05-22T11:53:19 IST" duration-ms="22454" status="PASS">
          <reporter-output>
          </reporter-output>
        </test-method> <!-- setup -->
        <test-method is-config="true" signature="setUpTest()[pri:0, instance:com.ixfi.testcases.IndexPageTest@69453e37]" started-at="2025-05-22T11:53:19 IST" name="setUpTest" finished-at="2025-05-22T11:53:19 IST" duration-ms="1" status="PASS">
          <reporter-output>
          </reporter-output>
        </test-method> <!-- setUpTest -->
        <test-method signature="verifyThatWeeklySummaryReportSectionIsPresentAndUserIsAbleToClickOnReadMoreButtonAndOpenTheSummaryReportOnNewTab()[pri:0, instance:com.ixfi.testcases.IndexPageTest@69453e37]" started-at="2025-05-22T11:53:19 IST" name="verifyThatWeeklySummaryReportSectionIsPresentAndUserIsAbleToClickOnReadMoreButtonAndOpenTheSummaryReportOnNewTab" finished-at="2025-05-22T11:54:14 IST" duration-ms="54985" status="PASS">
          <reporter-output>
          </reporter-output>
        </test-method> <!-- verifyThatWeeklySummaryReportSectionIsPresentAndUserIsAbleToClickOnReadMoreButtonAndOpenTheSummaryReportOnNewTab -->
        <test-method is-config="true" signature="tearDown()[pri:0, instance:com.ixfi.testcases.IndexPageTest@69453e37]" started-at="2025-05-22T11:54:14 IST" name="tearDown" finished-at="2025-05-22T11:54:15 IST" duration-ms="437" status="PASS">
          <reporter-output>
          </reporter-output>
        </test-method> <!-- tearDown -->
        <test-method is-config="true" signature="setup()[pri:0, instance:com.ixfi.testcases.IndexPageTest@69453e37]" started-at="2025-05-22T11:54:15 IST" name="setup" finished-at="2025-05-22T11:54:22 IST" duration-ms="7043" status="PASS">
          <reporter-output>
          </reporter-output>
        </test-method> <!-- setup -->
        <test-method is-config="true" signature="setUpTest()[pri:0, instance:com.ixfi.testcases.IndexPageTest@69453e37]" started-at="2025-05-22T11:54:22 IST" name="setUpTest" finished-at="2025-05-22T11:54:22 IST" duration-ms="3" status="PASS">
          <reporter-output>
          </reporter-output>
        </test-method> <!-- setUpTest -->
        <test-method signature="verifyTheDayLightModeIsChangingWhenUserClicksOnItFromDayToNightMode()[pri:0, instance:com.ixfi.testcases.IndexPageTest@69453e37]" started-at="2025-05-22T11:54:22 IST" name="verifyTheDayLightModeIsChangingWhenUserClicksOnItFromDayToNightMode" finished-at="2025-05-22T11:54:23 IST" duration-ms="969" status="PASS">
          <reporter-output>
          </reporter-output>
        </test-method> <!-- verifyTheDayLightModeIsChangingWhenUserClicksOnItFromDayToNightMode -->
        <test-method is-config="true" signature="tearDown()[pri:0, instance:com.ixfi.testcases.IndexPageTest@69453e37]" started-at="2025-05-22T11:54:23 IST" name="tearDown" finished-at="2025-05-22T11:54:23 IST" duration-ms="260" status="PASS">
          <reporter-output>
          </reporter-output>
        </test-method> <!-- tearDown -->
        <test-method is-config="true" signature="setup()[pri:0, instance:com.ixfi.testcases.IndexPageTest@69453e37]" started-at="2025-05-22T11:54:23 IST" name="setup" finished-at="2025-05-22T11:54:30 IST" duration-ms="6592" status="PASS">
          <reporter-output>
          </reporter-output>
        </test-method> <!-- setup -->
        <test-method is-config="true" signature="setUpTest()[pri:0, instance:com.ixfi.testcases.IndexPageTest@69453e37]" started-at="2025-05-22T11:54:30 IST" name="setUpTest" finished-at="2025-05-22T11:54:30 IST" duration-ms="3" status="PASS">
          <reporter-output>
          </reporter-output>
        </test-method> <!-- setUpTest -->
        <test-method signature="verifyTheDayLightModeIsChangingWhenUserClicksOnItFromNightToDayMode()[pri:0, instance:com.ixfi.testcases.IndexPageTest@69453e37]" started-at="2025-05-22T11:54:30 IST" name="verifyTheDayLightModeIsChangingWhenUserClicksOnItFromNightToDayMode" finished-at="2025-05-22T11:54:31 IST" duration-ms="1704" status="PASS">
          <reporter-output>
          </reporter-output>
        </test-method> <!-- verifyTheDayLightModeIsChangingWhenUserClicksOnItFromNightToDayMode -->
        <test-method is-config="true" signature="tearDown()[pri:0, instance:com.ixfi.testcases.IndexPageTest@69453e37]" started-at="2025-05-22T11:54:31 IST" name="tearDown" finished-at="2025-05-22T11:54:32 IST" duration-ms="331" status="PASS">
          <reporter-output>
          </reporter-output>
        </test-method> <!-- tearDown -->
        <test-method is-config="true" signature="setup()[pri:0, instance:com.ixfi.testcases.IndexPageTest@69453e37]" started-at="2025-05-22T11:54:32 IST" name="setup" finished-at="2025-05-22T11:54:44 IST" duration-ms="12360" status="PASS">
          <reporter-output>
          </reporter-output>
        </test-method> <!-- setup -->
        <test-method is-config="true" signature="setUpTest()[pri:0, instance:com.ixfi.testcases.IndexPageTest@69453e37]" started-at="2025-05-22T11:54:44 IST" name="setUpTest" finished-at="2025-05-22T11:54:44 IST" duration-ms="2" status="PASS">
          <reporter-output>
          </reporter-output>
        </test-method> <!-- setUpTest -->
        <test-method signature="verifyThePresenceOfCryptoParaText()[pri:0, instance:com.ixfi.testcases.IndexPageTest@69453e37]" started-at="2025-05-22T11:54:44 IST" name="verifyThePresenceOfCryptoParaText" finished-at="2025-05-22T11:54:44 IST" duration-ms="90" status="PASS">
          <reporter-output>
          </reporter-output>
        </test-method> <!-- verifyThePresenceOfCryptoParaText -->
        <test-method is-config="true" signature="tearDown()[pri:0, instance:com.ixfi.testcases.IndexPageTest@69453e37]" started-at="2025-05-22T11:54:44 IST" name="tearDown" finished-at="2025-05-22T11:54:44 IST" duration-ms="287" status="PASS">
          <reporter-output>
          </reporter-output>
        </test-method> <!-- tearDown -->
        <test-method is-config="true" signature="setup()[pri:0, instance:com.ixfi.testcases.IndexPageTest@69453e37]" started-at="2025-05-22T11:54:44 IST" name="setup" finished-at="2025-05-22T11:54:51 IST" duration-ms="6739" status="PASS">
          <reporter-output>
          </reporter-output>
        </test-method> <!-- setup -->
        <test-method is-config="true" signature="setUpTest()[pri:0, instance:com.ixfi.testcases.IndexPageTest@69453e37]" started-at="2025-05-22T11:54:51 IST" name="setUpTest" finished-at="2025-05-22T11:54:51 IST" duration-ms="1" status="PASS">
          <reporter-output>
          </reporter-output>
        </test-method> <!-- setUpTest -->
        <test-method signature="verifyThePresenceOfGen3_0CryptoExchangeText()[pri:0, instance:com.ixfi.testcases.IndexPageTest@69453e37]" started-at="2025-05-22T11:54:51 IST" name="verifyThePresenceOfGen3_0CryptoExchangeText" finished-at="2025-05-22T11:54:51 IST" duration-ms="81" status="PASS">
          <reporter-output>
          </reporter-output>
        </test-method> <!-- verifyThePresenceOfGen3_0CryptoExchangeText -->
        <test-method is-config="true" signature="tearDown()[pri:0, instance:com.ixfi.testcases.IndexPageTest@69453e37]" started-at="2025-05-22T11:54:51 IST" name="tearDown" finished-at="2025-05-22T11:54:51 IST" duration-ms="288" status="PASS">
          <reporter-output>
          </reporter-output>
        </test-method> <!-- tearDown -->
        <test-method is-config="true" signature="setup()[pri:0, instance:com.ixfi.testcases.IndexPageTest@69453e37]" started-at="2025-05-22T11:54:51 IST" name="setup" finished-at="2025-05-22T11:54:58 IST" duration-ms="6524" status="PASS">
          <reporter-output>
          </reporter-output>
        </test-method> <!-- setup -->
        <test-method is-config="true" signature="setUpTest()[pri:0, instance:com.ixfi.testcases.IndexPageTest@69453e37]" started-at="2025-05-22T11:54:58 IST" name="setUpTest" finished-at="2025-05-22T11:54:58 IST" duration-ms="1" status="PASS">
          <reporter-output>
          </reporter-output>
        </test-method> <!-- setUpTest -->
        <test-method signature="verifyThePresenceOfHeaderMenu()[pri:0, instance:com.ixfi.testcases.IndexPageTest@69453e37]" started-at="2025-05-22T11:54:58 IST" name="verifyThePresenceOfHeaderMenu" finished-at="2025-05-22T11:55:01 IST" duration-ms="2689" status="PASS">
          <reporter-output>
          </reporter-output>
        </test-method> <!-- verifyThePresenceOfHeaderMenu -->
        <test-method is-config="true" signature="tearDown()[pri:0, instance:com.ixfi.testcases.IndexPageTest@69453e37]" started-at="2025-05-22T11:55:01 IST" name="tearDown" finished-at="2025-05-22T11:55:01 IST" duration-ms="278" status="PASS">
          <reporter-output>
          </reporter-output>
        </test-method> <!-- tearDown -->
        <test-method is-config="true" signature="setup()[pri:0, instance:com.ixfi.testcases.IndexPageTest@69453e37]" started-at="2025-05-22T11:55:01 IST" name="setup" finished-at="2025-05-22T11:55:08 IST" duration-ms="6738" status="PASS">
          <reporter-output>
          </reporter-output>
        </test-method> <!-- setup -->
        <test-method is-config="true" signature="setUpTest()[pri:0, instance:com.ixfi.testcases.IndexPageTest@69453e37]" started-at="2025-05-22T11:55:08 IST" name="setUpTest" finished-at="2025-05-22T11:55:08 IST" duration-ms="1" status="PASS">
          <reporter-output>
          </reporter-output>
        </test-method> <!-- setUpTest -->
        <test-method signature="verifyThePresenceOfResearchMenuDD()[pri:0, instance:com.ixfi.testcases.IndexPageTest@69453e37]" started-at="2025-05-22T11:55:08 IST" name="verifyThePresenceOfResearchMenuDD" finished-at="2025-05-22T11:55:08 IST" duration-ms="467" status="PASS">
          <reporter-output>
          </reporter-output>
        </test-method> <!-- verifyThePresenceOfResearchMenuDD -->
        <test-method is-config="true" signature="tearDown()[pri:0, instance:com.ixfi.testcases.IndexPageTest@69453e37]" started-at="2025-05-22T11:55:08 IST" name="tearDown" finished-at="2025-05-22T11:55:08 IST" duration-ms="316" status="PASS">
          <reporter-output>
          </reporter-output>
        </test-method> <!-- tearDown -->
        <test-method is-config="true" signature="setup()[pri:0, instance:com.ixfi.testcases.IndexPageTest@69453e37]" started-at="2025-05-22T11:55:08 IST" name="setup" finished-at="2025-05-22T11:55:15 IST" duration-ms="6856" status="PASS">
          <reporter-output>
          </reporter-output>
        </test-method> <!-- setup -->
        <test-method is-config="true" signature="setUpTest()[pri:0, instance:com.ixfi.testcases.IndexPageTest@69453e37]" started-at="2025-05-22T11:55:15 IST" name="setUpTest" finished-at="2025-05-22T11:55:15 IST" duration-ms="3" status="PASS">
          <reporter-output>
          </reporter-output>
        </test-method> <!-- setUpTest -->
        <test-method signature="verifyThePresenceOfRewardsProgramMenuDD()[pri:0, instance:com.ixfi.testcases.IndexPageTest@69453e37]" started-at="2025-05-22T11:55:15 IST" name="verifyThePresenceOfRewardsProgramMenuDD" finished-at="2025-05-22T11:55:16 IST" duration-ms="446" status="PASS">
          <reporter-output>
          </reporter-output>
        </test-method> <!-- verifyThePresenceOfRewardsProgramMenuDD -->
        <test-method is-config="true" signature="tearDown()[pri:0, instance:com.ixfi.testcases.IndexPageTest@69453e37]" started-at="2025-05-22T11:55:16 IST" name="tearDown" finished-at="2025-05-22T11:55:16 IST" duration-ms="292" status="PASS">
          <reporter-output>
          </reporter-output>
        </test-method> <!-- tearDown -->
        <test-method is-config="true" signature="setup()[pri:0, instance:com.ixfi.testcases.IndexPageTest@69453e37]" started-at="2025-05-22T11:55:16 IST" name="setup" finished-at="2025-05-22T11:55:24 IST" duration-ms="7623" status="PASS">
          <reporter-output>
          </reporter-output>
        </test-method> <!-- setup -->
        <test-method is-config="true" signature="setUpTest()[pri:0, instance:com.ixfi.testcases.IndexPageTest@69453e37]" started-at="2025-05-22T11:55:24 IST" name="setUpTest" finished-at="2025-05-22T11:55:24 IST" duration-ms="3" status="PASS">
          <reporter-output>
          </reporter-output>
        </test-method> <!-- setUpTest -->
        <test-method signature="verifyThePresenceOfTradeMenuDD()[pri:0, instance:com.ixfi.testcases.IndexPageTest@69453e37]" started-at="2025-05-22T11:55:24 IST" name="verifyThePresenceOfTradeMenuDD" finished-at="2025-05-22T11:55:24 IST" duration-ms="346" status="PASS">
          <reporter-output>
          </reporter-output>
        </test-method> <!-- verifyThePresenceOfTradeMenuDD -->
        <test-method is-config="true" signature="tearDown()[pri:0, instance:com.ixfi.testcases.IndexPageTest@69453e37]" started-at="2025-05-22T11:55:24 IST" name="tearDown" finished-at="2025-05-22T11:55:24 IST" duration-ms="288" status="PASS">
          <reporter-output>
          </reporter-output>
        </test-method> <!-- tearDown -->
        <test-method is-config="true" signature="setup()[pri:0, instance:com.ixfi.testcases.IndexPageTest@69453e37]" started-at="2025-05-22T11:55:24 IST" name="setup" finished-at="2025-05-22T11:55:31 IST" duration-ms="6912" status="PASS">
          <reporter-output>
          </reporter-output>
        </test-method> <!-- setup -->
        <test-method is-config="true" signature="setUpTest()[pri:0, instance:com.ixfi.testcases.IndexPageTest@69453e37]" started-at="2025-05-22T11:55:31 IST" name="setUpTest" finished-at="2025-05-22T11:55:31 IST" duration-ms="2" status="PASS">
          <reporter-output>
          </reporter-output>
        </test-method> <!-- setUpTest -->
        <test-method signature="verifyTradeButtonFromTheMarketTablesActionColumnIsClickableAndOpenItInNewTab()[pri:0, instance:com.ixfi.testcases.IndexPageTest@69453e37]" started-at="2025-05-22T11:55:31 IST" name="verifyTradeButtonFromTheMarketTablesActionColumnIsClickableAndOpenItInNewTab" finished-at="2025-05-22T11:55:33 IST" duration-ms="1569" status="FAIL">
          <exception class="java.lang.AssertionError">
            <message>
              <![CDATA[Test failed due to an exception.]]>
            </message>
            <full-stacktrace>
              <![CDATA[java.lang.AssertionError: Test failed due to an exception.
at org.testng.Assert.fail(Assert.java:99)
at com.ixfi.testcases.IndexPageTest.verifyTradeButtonFromTheMarketTablesActionColumnIsClickableAndOpenItInNewTab(IndexPageTest.java:710)
at java.base/jdk.internal.reflect.DirectMethodHandleAccessor.invoke(DirectMethodHandleAccessor.java:103)
at java.base/java.lang.reflect.Method.invoke(Method.java:580)
at org.testng.internal.MethodInvocationHelper.invokeMethod(MethodInvocationHelper.java:133)
at org.testng.internal.TestInvoker.invokeMethod(TestInvoker.java:598)
at org.testng.internal.TestInvoker.invokeTestMethod(TestInvoker.java:173)
at org.testng.internal.MethodRunner.runInSequence(MethodRunner.java:46)
at org.testng.internal.TestInvoker$MethodInvocationAgent.invoke(TestInvoker.java:824)
at org.testng.internal.TestInvoker.invokeTestMethods(TestInvoker.java:146)
at org.testng.internal.TestMethodWorker.invokeTestMethods(TestMethodWorker.java:146)
at org.testng.internal.TestMethodWorker.run(TestMethodWorker.java:128)
at java.base/java.util.ArrayList.forEach(ArrayList.java:1597)
at org.testng.TestRunner.privateRun(TestRunner.java:794)
at org.testng.TestRunner.run(TestRunner.java:596)
at org.testng.SuiteRunner.runTest(SuiteRunner.java:377)
at org.testng.SuiteRunner.runSequentially(SuiteRunner.java:371)
at org.testng.SuiteRunner.privateRun(SuiteRunner.java:332)
at org.testng.SuiteRunner.run(SuiteRunner.java:276)
at org.testng.SuiteRunnerWorker.runSuite(SuiteRunnerWorker.java:53)
at org.testng.SuiteRunnerWorker.run(SuiteRunnerWorker.java:96)
at org.testng.TestNG.runSuitesSequentially(TestNG.java:1212)
at org.testng.TestNG.runSuitesLocally(TestNG.java:1134)
at org.testng.TestNG.runSuites(TestNG.java:1063)
at org.testng.TestNG.run(TestNG.java:1031)
at org.testng.remote.AbstractRemoteTestNG.run(AbstractRemoteTestNG.java:115)
at org.testng.remote.RemoteTestNG.initAndRun(RemoteTestNG.java:293)
at org.testng.remote.RemoteTestNG.main(RemoteTestNG.java:91)
]]>
            </full-stacktrace>
          </exception> <!-- java.lang.AssertionError -->
          <reporter-output>
          </reporter-output>
        </test-method> <!-- verifyTradeButtonFromTheMarketTablesActionColumnIsClickableAndOpenItInNewTab -->
        <test-method is-config="true" signature="tearDown()[pri:0, instance:com.ixfi.testcases.IndexPageTest@69453e37]" started-at="2025-05-22T11:55:33 IST" name="tearDown" finished-at="2025-05-22T11:55:34 IST" duration-ms="442" status="PASS">
          <reporter-output>
          </reporter-output>
        </test-method> <!-- tearDown -->
        <test-method is-config="true" signature="setup()[pri:0, instance:com.ixfi.testcases.IndexPageTest@69453e37]" started-at="2025-05-22T11:55:34 IST" name="setup" finished-at="2025-05-22T11:55:41 IST" duration-ms="7511" status="PASS">
          <reporter-output>
          </reporter-output>
        </test-method> <!-- setup -->
        <test-method is-config="true" signature="setUpTest()[pri:0, instance:com.ixfi.testcases.IndexPageTest@69453e37]" started-at="2025-05-22T11:55:41 IST" name="setUpTest" finished-at="2025-05-22T11:55:41 IST" duration-ms="0" status="PASS">
          <reporter-output>
          </reporter-output>
        </test-method> <!-- setUpTest -->
        <test-method signature="verifyUserIsAbleToClickOnAirdropsCardAndAbleToNavigateToAirdropsPage()[pri:0, instance:com.ixfi.testcases.IndexPageTest@69453e37]" started-at="2025-05-22T11:55:41 IST" name="verifyUserIsAbleToClickOnAirdropsCardAndAbleToNavigateToAirdropsPage" finished-at="2025-05-22T11:55:44 IST" duration-ms="2579" status="PASS">
          <reporter-output>
          </reporter-output>
        </test-method> <!-- verifyUserIsAbleToClickOnAirdropsCardAndAbleToNavigateToAirdropsPage -->
        <test-method is-config="true" signature="tearDown()[pri:0, instance:com.ixfi.testcases.IndexPageTest@69453e37]" started-at="2025-05-22T11:55:44 IST" name="tearDown" finished-at="2025-05-22T11:55:44 IST" duration-ms="365" status="PASS">
          <reporter-output>
          </reporter-output>
        </test-method> <!-- tearDown -->
        <test-method is-config="true" signature="setup()[pri:0, instance:com.ixfi.testcases.IndexPageTest@69453e37]" started-at="2025-05-22T11:55:44 IST" name="setup" finished-at="2025-05-22T11:55:51 IST" duration-ms="6766" status="PASS">
          <reporter-output>
          </reporter-output>
        </test-method> <!-- setup -->
        <test-method is-config="true" signature="setUpTest()[pri:0, instance:com.ixfi.testcases.IndexPageTest@69453e37]" started-at="2025-05-22T11:55:51 IST" name="setUpTest" finished-at="2025-05-22T11:55:51 IST" duration-ms="3" status="PASS">
          <reporter-output>
          </reporter-output>
        </test-method> <!-- setUpTest -->
        <test-method signature="verifyUserIsAbleToClickOnConvertFeeCardAndAbleToNavigateToConvertPage()[pri:0, instance:com.ixfi.testcases.IndexPageTest@69453e37]" started-at="2025-05-22T11:55:51 IST" name="verifyUserIsAbleToClickOnConvertFeeCardAndAbleToNavigateToConvertPage" finished-at="2025-05-22T11:55:57 IST" duration-ms="5817" status="PASS">
          <reporter-output>
          </reporter-output>
        </test-method> <!-- verifyUserIsAbleToClickOnConvertFeeCardAndAbleToNavigateToConvertPage -->
        <test-method is-config="true" signature="tearDown()[pri:0, instance:com.ixfi.testcases.IndexPageTest@69453e37]" started-at="2025-05-22T11:55:57 IST" name="tearDown" finished-at="2025-05-22T11:55:57 IST" duration-ms="449" status="PASS">
          <reporter-output>
          </reporter-output>
        </test-method> <!-- tearDown -->
        <test-method is-config="true" signature="setup()[pri:0, instance:com.ixfi.testcases.IndexPageTest@69453e37]" started-at="2025-05-22T11:55:57 IST" name="setup" finished-at="2025-05-22T11:56:04 IST" duration-ms="6732" status="PASS">
          <reporter-output>
          </reporter-output>
        </test-method> <!-- setup -->
        <test-method is-config="true" signature="setUpTest()[pri:0, instance:com.ixfi.testcases.IndexPageTest@69453e37]" started-at="2025-05-22T11:56:04 IST" name="setUpTest" finished-at="2025-05-22T11:56:04 IST" duration-ms="2" status="PASS">
          <reporter-output>
          </reporter-output>
        </test-method> <!-- setUpTest -->
        <test-method signature="verifyUserIsAbleToClickOnReferralProgramCardAndAbleToNavigateToReferralProgamPage()[pri:0, instance:com.ixfi.testcases.IndexPageTest@69453e37]" started-at="2025-05-22T11:56:04 IST" name="verifyUserIsAbleToClickOnReferralProgramCardAndAbleToNavigateToReferralProgamPage" finished-at="2025-05-22T11:56:09 IST" duration-ms="5457" status="PASS">
          <reporter-output>
          </reporter-output>
        </test-method> <!-- verifyUserIsAbleToClickOnReferralProgramCardAndAbleToNavigateToReferralProgamPage -->
        <test-method is-config="true" signature="tearDown()[pri:0, instance:com.ixfi.testcases.IndexPageTest@69453e37]" started-at="2025-05-22T11:56:09 IST" name="tearDown" finished-at="2025-05-22T11:56:10 IST" duration-ms="421" status="PASS">
          <reporter-output>
          </reporter-output>
        </test-method> <!-- tearDown -->
        <test-method is-config="true" signature="setup()[pri:0, instance:com.ixfi.testcases.IndexPageTest@69453e37]" started-at="2025-05-22T11:56:10 IST" name="setup" finished-at="2025-05-22T11:56:16 IST" duration-ms="6255" status="PASS">
          <reporter-output>
          </reporter-output>
        </test-method> <!-- setup -->
        <test-method is-config="true" signature="setUpTest()[pri:0, instance:com.ixfi.testcases.IndexPageTest@69453e37]" started-at="2025-05-22T11:56:16 IST" name="setUpTest" finished-at="2025-05-22T11:56:16 IST" duration-ms="2" status="PASS">
          <reporter-output>
          </reporter-output>
        </test-method> <!-- setUpTest -->
        <test-method signature="verifyUserIsAbleToClickOnRewardsCenterCardAndAbleToNavigateToRewardsPage()[pri:0, instance:com.ixfi.testcases.IndexPageTest@69453e37]" started-at="2025-05-22T11:56:16 IST" name="verifyUserIsAbleToClickOnRewardsCenterCardAndAbleToNavigateToRewardsPage" finished-at="2025-05-22T11:56:19 IST" duration-ms="3055" status="PASS">
          <reporter-output>
          </reporter-output>
        </test-method> <!-- verifyUserIsAbleToClickOnRewardsCenterCardAndAbleToNavigateToRewardsPage -->
        <test-method is-config="true" signature="tearDown()[pri:0, instance:com.ixfi.testcases.IndexPageTest@69453e37]" started-at="2025-05-22T11:56:19 IST" name="tearDown" finished-at="2025-05-22T11:56:20 IST" duration-ms="333" status="PASS">
          <reporter-output>
          </reporter-output>
        </test-method> <!-- tearDown -->
        <test-method is-config="true" signature="afterSuite()[pri:0, instance:com.ixfi.testcases.IndexPageTest@69453e37]" started-at="2025-05-22T12:34:00 IST" name="afterSuite" finished-at="2025-05-22T12:34:03 IST" duration-ms="3227" status="PASS">
          <reporter-output>
          </reporter-output>
        </test-method> <!-- afterSuite -->
      </class> <!-- com.ixfi.testcases.IndexPageTest -->
      <class name="com.ixfi.testcases.FooterPageTest">
        <test-method is-config="true" signature="setup()[pri:0, instance:com.ixfi.testcases.FooterPageTest@1e66f1f5]" started-at="2025-05-22T12:05:22 IST" name="setup" finished-at="2025-05-22T12:05:41 IST" duration-ms="19210" status="PASS">
          <reporter-output>
          </reporter-output>
        </test-method> <!-- setup -->
[...]
        <test-method is-config="true" signature="setup()[pri:0, instance:com.ixfi.testcases.ForgotPasswordPageTest@5fbe4146]" started-at="2025-05-22T12:03:03 IST" name="setup" finished-at="2025-05-22T12:03:31 IST" duration-ms="27902" status="PASS">
          <reporter-output>
          </reporter-output>
        </test-method> <!-- setup -->
        <test-method is-config="true" signature="setUpTest()[pri:0, instance:com.ixfi.testcases.ForgotPasswordPageTest@5fbe4146]" started-at="2025-05-22T12:03:31 IST" name="setUpTest" finished-at="2025-05-22T12:03:31 IST" duration-ms="3" status="PASS">
          <reporter-output>
          </reporter-output>
        </test-method> <!-- setUpTest -->
        <test-method signature="verifyThatUserIsAbleToClickOnLoginLinkAndNavigatedToLoginPageFromPhoneForgotPasswordPage()[pri:0, instance:com.ixfi.testcases.ForgotPasswordPageTest@5fbe4146]" started-at="2025-05-22T12:03:31 IST" name="verifyThatUserIsAbleToClickOnLoginLinkAndNavigatedToLoginPageFromPhoneForgotPasswordPage" finished-at="2025-05-22T12:03:39 IST" duration-ms="7958" status="PASS">
          <reporter-output>
          </reporter-output>
        </test-method> <!-- verifyThatUserIsAbleToClickOnLoginLinkAndNavigatedToLoginPageFromPhoneForgotPasswordPage -->
        <test-method is-config="true" signature="tearDown()[pri:0, instance:com.ixfi.testcases.ForgotPasswordPageTest@5fbe4146]" started-at="2025-05-22T12:03:39 IST" name="tearDown" finished-at="2025-05-22T12:03:40 IST" duration-ms="373" status="PASS">
          <reporter-output>
          </reporter-output>
        </test-method> <!-- tearDown -->
        <test-method is-config="true" signature="setup()[pri:0, instance:com.ixfi.testcases.ForgotPasswordPageTest@5fbe4146]" started-at="2025-05-22T12:03:40 IST" name="setup" finished-at="2025-05-22T12:03:55 IST" duration-ms="15613" status="PASS">
          <reporter-output>
          </reporter-output>
        </test-method> <!-- setup -->
        <test-method is-config="true" signature="setUpTest()[pri:0, instance:com.ixfi.testcases.ForgotPasswordPageTest@5fbe4146]" started-at="2025-05-22T12:03:55 IST" name="setUpTest" finished-at="2025-05-22T12:03:55 IST" duration-ms="2" status="PASS">
          <reporter-output>
          </reporter-output>
        </test-method> <!-- setUpTest -->
        <test-method signature="verifyThatUserIsAbleToSendTheResetLinkByClickingOnClickHereLinkOnPhoneTab()[pri:0, instance:com.ixfi.testcases.ForgotPasswordPageTest@5fbe4146]" started-at="2025-05-22T12:03:55 IST" name="verifyThatUserIsAbleToSendTheResetLinkByClickingOnClickHereLinkOnPhoneTab" finished-at="2025-05-22T12:04:03 IST" duration-ms="7341" status="PASS">
          <reporter-output>
          </reporter-output>
        </test-method> <!-- verifyThatUserIsAbleToSendTheResetLinkByClickingOnClickHereLinkOnPhoneTab -->
        <test-method is-config="true" signature="tearDown()[pri:0, instance:com.ixfi.testcases.ForgotPasswordPageTest@5fbe4146]" started-at="2025-05-22T12:04:03 IST" name="tearDown" finished-at="2025-05-22T12:04:03 IST" duration-ms="373" status="PASS">
          <reporter-output>
          </reporter-output>
        </test-method> <!-- tearDown -->
        <test-method is-config="true" signature="setup()[pri:0, instance:com.ixfi.testcases.ForgotPasswordPageTest@5fbe4146]" started-at="2025-05-22T12:04:03 IST" name="setup" finished-at="2025-05-22T12:04:18 IST" duration-ms="15429" status="PASS">
          <reporter-output>
          </reporter-output>
        </test-method> <!-- setup -->
        <test-method is-config="true" signature="setUpTest()[pri:0, instance:com.ixfi.testcases.ForgotPasswordPageTest@5fbe4146]" started-at="2025-05-22T12:04:18 IST" name="setUpTest" finished-at="2025-05-22T12:04:18 IST" duration-ms="1" status="PASS">
          <reporter-output>
          </reporter-output>
        </test-method> <!-- setUpTest -->
        <test-method signature="verifyThatUserIsAbleToSendTheResetPasswordLinkOnRegisteredPhoneNumber()[pri:0, instance:com.ixfi.testcases.ForgotPasswordPageTest@5fbe4146]" started-at="2025-05-22T12:04:18 IST" name="verifyThatUserIsAbleToSendTheResetPasswordLinkOnRegisteredPhoneNumber" finished-at="2025-05-22T12:04:29 IST" duration-ms="10355" status="PASS">
          <reporter-output>
          </reporter-output>
        </test-method> <!-- verifyThatUserIsAbleToSendTheResetPasswordLinkOnRegisteredPhoneNumber -->
        <test-method is-config="true" signature="tearDown()[pri:0, instance:com.ixfi.testcases.ForgotPasswordPageTest@5fbe4146]" started-at="2025-05-22T12:04:29 IST" name="tearDown" finished-at="2025-05-22T12:04:29 IST" duration-ms="279" status="PASS">
          <reporter-output>
          </reporter-output>
        </test-method> <!-- tearDown -->
        <test-method is-config="true" signature="setup()[pri:0, instance:com.ixfi.testcases.ForgotPasswordPageTest@5fbe4146]" started-at="2025-05-22T12:04:29 IST" name="setup" finished-at="2025-05-22T12:04:43 IST" duration-ms="14365" status="PASS">
          <reporter-output>
          </reporter-output>
        </test-method> <!-- setup -->
        <test-method is-config="true" signature="setUpTest()[pri:0, instance:com.ixfi.testcases.ForgotPasswordPageTest@5fbe4146]" started-at="2025-05-22T12:04:43 IST" name="setUpTest" finished-at="2025-05-22T12:04:43 IST" duration-ms="2" status="PASS">
          <reporter-output>
          </reporter-output>
        </test-method> <!-- setUpTest -->
        <test-method signature="verifyUserIsAbleToClickOnForgotPasswordLink()[pri:0, instance:com.ixfi.testcases.ForgotPasswordPageTest@5fbe4146]" started-at="2025-05-22T12:04:43 IST" name="verifyUserIsAbleToClickOnForgotPasswordLink" finished-at="2025-05-22T12:04:48 IST" duration-ms="4404" status="PASS">
          <reporter-output>
          </reporter-output>
        </test-method> <!-- verifyUserIsAbleToClickOnForgotPasswordLink -->
        <test-method is-config="true" signature="tearDown()[pri:0, instance:com.ixfi.testcases.ForgotPasswordPageTest@5fbe4146]" started-at="2025-05-22T12:04:48 IST" name="tearDown" finished-at="2025-05-22T12:04:48 IST" duration-ms="372" status="PASS">
          <reporter-output>
          </reporter-output>
        </test-method> <!-- tearDown -->
        <test-method is-config="true" signature="setup()[pri:0, instance:com.ixfi.testcases.ForgotPasswordPageTest@5fbe4146]" started-at="2025-05-22T12:04:48 IST" name="setup" finished-at="2025-05-22T12:05:01 IST" duration-ms="12724" status="PASS">
          <reporter-output>
          </reporter-output>
        </test-method> <!-- setup -->
        <test-method is-config="true" signature="setUpTest()[pri:0, instance:com.ixfi.testcases.ForgotPasswordPageTest@5fbe4146]" started-at="2025-05-22T12:05:01 IST" name="setUpTest" finished-at="2025-05-22T12:05:01 IST" duration-ms="1" status="PASS">
          <reporter-output>
          </reporter-output>
        </test-method> <!-- setUpTest -->
        <test-method signature="verifyUserIsAbleToNavigateBackToTheIndexPageFromForgotPasswordPage()[pri:0, instance:com.ixfi.testcases.ForgotPasswordPageTest@5fbe4146]" started-at="2025-05-22T12:05:01 IST" name="verifyUserIsAbleToNavigateBackToTheIndexPageFromForgotPasswordPage" finished-at="2025-05-22T12:05:05 IST" duration-ms="4436" status="PASS">
          <reporter-output>
          </reporter-output>
        </test-method> <!-- verifyUserIsAbleToNavigateBackToTheIndexPageFromForgotPasswordPage -->
        <test-method is-config="true" signature="tearDown()[pri:0, instance:com.ixfi.testcases.ForgotPasswordPageTest@5fbe4146]" started-at="2025-05-22T12:05:05 IST" name="tearDown" finished-at="2025-05-22T12:05:06 IST" duration-ms="596" status="PASS">
          <reporter-output>
          </reporter-output>
        </test-method> <!-- tearDown -->
        <test-method is-config="true" signature="setup()[pri:0, instance:com.ixfi.testcases.ForgotPasswordPageTest@5fbe4146]" started-at="2025-05-22T12:05:06 IST" name="setup" finished-at="2025-05-22T12:05:17 IST" duration-ms="10677" status="PASS">
          <reporter-output>
          </reporter-output>
        </test-method> <!-- setup -->
        <test-method is-config="true" signature="setUpTest()[pri:0, instance:com.ixfi.testcases.ForgotPasswordPageTest@5fbe4146]" started-at="2025-05-22T12:05:17 IST" name="setUpTest" finished-at="2025-05-22T12:05:17 IST" duration-ms="2" status="PASS">
          <reporter-output>
          </reporter-output>
        </test-method> <!-- setUpTest -->
        <test-method signature="verifyWhenUserClickOnLoginLinkItWillNavigatedToTheLoginPage()[pri:0, instance:com.ixfi.testcases.ForgotPasswordPageTest@5fbe4146]" started-at="2025-05-22T12:05:17 IST" name="verifyWhenUserClickOnLoginLinkItWillNavigatedToTheLoginPage" finished-at="2025-05-22T12:05:22 IST" duration-ms="5040" status="PASS">
          <reporter-output>
          </reporter-output>
        </test-method> <!-- verifyWhenUserClickOnLoginLinkItWillNavigatedToTheLoginPage -->
        <test-method is-config="true" signature="tearDown()[pri:0, instance:com.ixfi.testcases.ForgotPasswordPageTest@5fbe4146]" started-at="2025-05-22T12:05:22 IST" name="tearDown" finished-at="2025-05-22T12:05:22 IST" duration-ms="423" status="PASS">
          <reporter-output>
          </reporter-output>
        </test-method> <!-- tearDown -->
      </class> <!-- com.ixfi.testcases.ForgotPasswordPageTest -->
      <class name="com.ixfi.testcases.StatusPageTest">
        <test-method is-config="true" signature="setup()[pri:0, instance:com.ixfi.testcases.StatusPageTest@4e50c791]" started-at="2025-05-22T12:08:20 IST" name="setup" finished-at="2025-05-22T12:08:33 IST" duration-ms="12737" status="PASS">
          <reporter-output>
          </reporter-output>
        </test-method> <!-- setup -->
        <test-method is-config="true" signature="setUpTest()[pri:0, instance:com.ixfi.testcases.StatusPageTest@4e50c791]" started-at="2025-05-22T12:08:33 IST" name="setUpTest" finished-at="2025-05-22T12:08:33 IST" duration-ms="1" status="PASS">
          <reporter-output>
          </reporter-output>
        </test-method> <!-- setUpTest -->
        <test-method signature="checkTotalCountOfWalletPages()[pri:0, instance:com.ixfi.testcases.StatusPageTest@4e50c791]" started-at="2025-05-22T12:08:33 IST" name="checkTotalCountOfWalletPages" finished-at="2025-05-22T12:08:47 IST" duration-ms="14614" status="PASS">
          <reporter-output>
          </reporter-output>
        </test-method> <!-- checkTotalCountOfWalletPages -->
        <test-method is-config="true" signature="tearDown()[pri:0, instance:com.ixfi.testcases.StatusPageTest@4e50c791]" started-at="2025-05-22T12:08:47 IST" name="tearDown" finished-at="2025-05-22T12:08:48 IST" duration-ms="282" status="PASS">
          <reporter-output>
          </reporter-output>
        </test-method> <!-- tearDown -->
        <test-method is-config="true" signature="setup()[pri:0, instance:com.ixfi.testcases.StatusPageTest@4e50c791]" started-at="2025-05-22T12:08:48 IST" name="setup" finished-at="2025-05-22T12:08:58 IST" duration-ms="10182" status="PASS">
          <reporter-output>
          </reporter-output>
        </test-method> <!-- setup -->
        <test-method is-config="true" signature="setUpTest()[pri:0, instance:com.ixfi.testcases.StatusPageTest@4e50c791]" started-at="2025-05-22T12:08:58 IST" name="setUpTest" finished-at="2025-05-22T12:08:58 IST" duration-ms="1" status="PASS">
          <reporter-output>
          </reporter-output>
        </test-method> <!-- setUpTest -->
        <test-method signature="validateTradeInfoSectionTableData_CurrentStateByServicesUpdated()[pri:0, instance:com.ixfi.testcases.StatusPageTest@4e50c791]" started-at="2025-05-22T12:08:58 IST" name="validateTradeInfoSectionTableData_CurrentStateByServicesUpdated" finished-at="2025-05-22T12:09:13 IST" duration-ms="15176" status="PASS">
          <reporter-output>
          </reporter-output>
        </test-method> <!-- validateTradeInfoSectionTableData_CurrentStateByServicesUpdated -->
        <test-method is-config="true" signature="tearDown()[pri:0, instance:com.ixfi.testcases.StatusPageTest@4e50c791]" started-at="2025-05-22T12:09:13 IST" name="tearDown" finished-at="2025-05-22T12:09:13 IST" duration-ms="293" status="PASS">
          <reporter-output>
          </reporter-output>
        </test-method> <!-- tearDown -->
        <test-method is-config="true" signature="setup()[pri:0, instance:com.ixfi.testcases.StatusPageTest@4e50c791]" started-at="2025-05-22T12:09:13 IST" name="setup" finished-at="2025-05-22T12:09:24 IST" duration-ms="11096" status="PASS">
          <reporter-output>
          </reporter-output>
        </test-method> <!-- setup -->
        <test-method is-config="true" signature="setUpTest()[pri:0, instance:com.ixfi.testcases.StatusPageTest@4e50c791]" started-at="2025-05-22T12:09:24 IST" name="setUpTest" finished-at="2025-05-22T12:09:24 IST" duration-ms="1" status="PASS">
          <reporter-output>
          </reporter-output>
        </test-method> <!-- setUpTest -->
        <test-method signature="validateWalletSectionTableData_CurrentStateByServices()[pri:0, instance:com.ixfi.testcases.StatusPageTest@4e50c791]" started-at="2025-05-22T12:09:24 IST" name="validateWalletSectionTableData_CurrentStateByServices" finished-at="2025-05-22T12:09:43 IST" duration-ms="18171" status="PASS">
          <reporter-output>
          </reporter-output>
        </test-method> <!-- validateWalletSectionTableData_CurrentStateByServices -->
        <test-method is-config="true" signature="tearDown()[pri:0, instance:com.ixfi.testcases.StatusPageTest@4e50c791]" started-at="2025-05-22T12:09:43 IST" name="tearDown" finished-at="2025-05-22T12:09:43 IST" duration-ms="291" status="PASS">
          <reporter-output>
          </reporter-output>
        </test-method> <!-- tearDown -->
        <test-method is-config="true" signature="setup()[pri:0, instance:com.ixfi.testcases.StatusPageTest@4e50c791]" started-at="2025-05-22T12:09:43 IST" name="setup" finished-at="2025-05-22T12:10:00 IST" duration-ms="17021" status="PASS">
          <reporter-output>
          </reporter-output>
        </test-method> <!-- setup -->
        <test-method is-config="true" signature="setUpTest()[pri:0, instance:com.ixfi.testcases.StatusPageTest@4e50c791]" started-at="2025-05-22T12:10:00 IST" name="setUpTest" finished-at="2025-05-22T12:10:00 IST" duration-ms="1" status="PASS">
          <reporter-output>
          </reporter-output>
        </test-method> <!-- setUpTest -->
        <test-method signature="verifyThatUserIsAbleToClickOnAllProgramSection()[pri:0, instance:com.ixfi.testcases.StatusPageTest@4e50c791]" started-at="2025-05-22T12:10:00 IST" name="verifyThatUserIsAbleToClickOnAllProgramSection" finished-at="2025-05-22T12:10:06 IST" duration-ms="6535" status="PASS">
          <reporter-output>
          </reporter-output>
        </test-method> <!-- verifyThatUserIsAbleToClickOnAllProgramSection -->
        <test-method is-config="true" signature="tearDown()[pri:0, instance:com.ixfi.testcases.StatusPageTest@4e50c791]" started-at="2025-05-22T12:10:06 IST" name="tearDown" finished-at="2025-05-22T12:10:07 IST" duration-ms="786" status="PASS">
          <reporter-output>
          </reporter-output>
        </test-method> <!-- tearDown -->
        <test-method is-config="true" signature="setup()[pri:0, instance:com.ixfi.testcases.StatusPageTest@4e50c791]" started-at="2025-05-22T12:10:07 IST" name="setup" finished-at="2025-05-22T12:10:21 IST" duration-ms="13758" status="PASS">
          <reporter-output>
          </reporter-output>
        </test-method> <!-- setup -->
        <test-method is-config="true" signature="setUpTest()[pri:0, instance:com.ixfi.testcases.StatusPageTest@4e50c791]" started-at="2025-05-22T12:10:21 IST" name="setUpTest" finished-at="2025-05-22T12:10:21 IST" duration-ms="1" status="PASS">
          <reporter-output>
          </reporter-output>
        </test-method> <!-- setUpTest -->
        <test-method signature="verifyThatUserIsAbleToClickOnSystemStatusLinkAndNavigatesToTheStatusPage()[pri:0, instance:com.ixfi.testcases.StatusPageTest@4e50c791]" started-at="2025-05-22T12:10:21 IST" name="verifyThatUserIsAbleToClickOnSystemStatusLinkAndNavigatesToTheStatusPage" finished-at="2025-05-22T12:10:28 IST" duration-ms="6591" status="PASS">
          <reporter-output>
          </reporter-output>
        </test-method> <!-- verifyThatUserIsAbleToClickOnSystemStatusLinkAndNavigatesToTheStatusPage -->
        <test-method is-config="true" signature="tearDown()[pri:0, instance:com.ixfi.testcases.StatusPageTest@4e50c791]" started-at="2025-05-22T12:10:28 IST" name="tearDown" finished-at="2025-05-22T12:10:28 IST" duration-ms="312" status="PASS">
          <reporter-output>
          </reporter-output>
        </test-method> <!-- tearDown -->
        <test-method is-config="true" signature="setup()[pri:0, instance:com.ixfi.testcases.StatusPageTest@4e50c791]" started-at="2025-05-22T12:10:28 IST" name="setup" finished-at="2025-05-22T12:10:37 IST" duration-ms="8770" status="PASS">
          <reporter-output>
          </reporter-output>
        </test-method> <!-- setup -->
        <test-method is-config="true" signature="setUpTest()[pri:0, instance:com.ixfi.testcases.StatusPageTest@4e50c791]" started-at="2025-05-22T12:10:37 IST" name="setUpTest" finished-at="2025-05-22T12:10:37 IST" duration-ms="1" status="PASS">
          <reporter-output>
          </reporter-output>
        </test-method> <!-- setUpTest -->
        <test-method signature="verifyThatUserIsAbleToNavigateToTheTradeInfoSection()[pri:0, instance:com.ixfi.testcases.StatusPageTest@4e50c791]" started-at="2025-05-22T12:10:37 IST" name="verifyThatUserIsAbleToNavigateToTheTradeInfoSection" finished-at="2025-05-22T12:10:43 IST" duration-ms="6209" status="PASS">
          <reporter-output>
          </reporter-output>
        </test-method> <!-- verifyThatUserIsAbleToNavigateToTheTradeInfoSection -->
        <test-method is-config="true" signature="tearDown()[pri:0, instance:com.ixfi.testcases.StatusPageTest@4e50c791]" started-at="2025-05-22T12:10:43 IST" name="tearDown" finished-at="2025-05-22T12:10:43 IST" duration-ms="301" status="PASS">
          <reporter-output>
          </reporter-output>
        </test-method> <!-- tearDown -->
        <test-method is-config="true" signature="setup()[pri:0, instance:com.ixfi.testcases.StatusPageTest@4e50c791]" started-at="2025-05-22T12:10:43 IST" name="setup" finished-at="2025-05-22T12:10:53 IST" duration-ms="9840" status="PASS">
          <reporter-output>
          </reporter-output>
        </test-method> <!-- setup -->
        <test-method is-config="true" signature="setUpTest()[pri:0, instance:com.ixfi.testcases.StatusPageTest@4e50c791]" started-at="2025-05-22T12:10:53 IST" name="setUpTest" finished-at="2025-05-22T12:10:53 IST" duration-ms="1" status="PASS">
          <reporter-output>
          </reporter-output>
        </test-method> <!-- setUpTest -->
        <test-method signature="verifyTheAllProgrammSectionTableData_CurrentStateByServices()[pri:0, instance:com.ixfi.testcases.StatusPageTest@4e50c791]" started-at="2025-05-22T12:10:53 IST" name="verifyTheAllProgrammSectionTableData_CurrentStateByServices" finished-at="2025-05-22T12:11:02 IST" duration-ms="9152" status="PASS">
          <reporter-output>
          </reporter-output>
        </test-method> <!-- verifyTheAllProgrammSectionTableData_CurrentStateByServices -->
        <test-method is-config="true" signature="tearDown()[pri:0, instance:com.ixfi.testcases.StatusPageTest@4e50c791]" started-at="2025-05-22T12:11:02 IST" name="tearDown" finished-at="2025-05-22T12:11:02 IST" duration-ms="370" status="PASS">
          <reporter-output>
          </reporter-output>
        </test-method> <!-- tearDown -->
      </class> <!-- com.ixfi.testcases.StatusPageTest -->
    </test> <!-- Test_All -->
  </suite> <!-- Suite -->
</testng-results>
