<?xml version="1.0" encoding="UTF-8"?>
<!-- Generated by org.testng.reporters.JUnitReportReporter -->
<testsuite hostname="DESKTOP-O9O0H4Q" failures="0" tests="5" name="com.ixfi.testcases.FooterPageTest" time="177.843" errors="0" timestamp="2025-05-22T12:34:04 IST" skipped="0">
  <testcase classname="com.ixfi.testcases.FooterPageTest" name="verifyThePresenceOfIXFILogo" time="17.375"/>
  <system-out/>
  <testcase classname="com.ixfi.testcases.FooterPageTest" name="verifyThePlayStoreLinkIsPresentAndClickable" time="16.567"/>
  <system-out/>
  <testcase classname="com.ixfi.testcases.FooterPageTest" name="verifyTheFooterLinksPresentAndAbleToOpenInNewTab" time="76.196"/>
  <system-out/>
  <testcase classname="com.ixfi.testcases.FooterPageTest" name="verifyTheAppleStoreLinkIsPresentAndClickable" time="17.779"/>
  <system-out/>
  <testcase classname="com.ixfi.testcases.FooterPageTest" name="verifyTheSocialMediaFooterLinksPresentAndAbleToOpenInNewTab" time="49.926"/>
  <system-out/>
</testsuite> <!-- com.ixfi.testcases.FooterPageTest -->
