<?xml version="1.0" encoding="UTF-8"?>
<!-- Generated by org.testng.reporters.JUnitReportReporter -->
<testsuite hostname="DESKTOP-O9O0H4Q" failures="0" tests="11" name="com.ixfi.testcases.SignUpPageTest" time="168.164" errors="0" timestamp="2025-05-22T12:34:04 IST" skipped="0">
  <testcase classname="com.ixfi.testcases.SignUpPageTest" name="verifyThatEyeButtonIsClickableAndBothPasswordIsCorrect" time="15.884"/>
  <system-out/>
  <testcase classname="com.ixfi.testcases.SignUpPageTest" name="verifyThatUserIsNavigatedToSignUpPageAfterClickingOnRegisterButton" time="8.261"/>
  <system-out/>
  <testcase classname="com.ixfi.testcases.SignUpPageTest" name="verifyThatWhenUserEntersWrongInputsWhileSignUpWithPhoneNumberItShowsProperValidationMessage" time="9.161"/>
  <system-out/>
  <testcase classname="com.ixfi.testcases.SignUpPageTest" name="verifyUserIsNotNavigatedBackToTheHomePageByClickingOnIxfiLogoAndNoOnPopup" time="19.500"/>
  <system-out/>
  <testcase classname="com.ixfi.testcases.SignUpPageTest" name="verifyThatWhenUserEntersWrongInputsWhileSignUpWithEmailItShowsProperValidationMessage" time="32.031"/>
  <system-out/>
  <testcase classname="com.ixfi.testcases.SignUpPageTest" name="verifyThatTheDayLightButtonIsClickableAndAbleToChangeTheDarkAndLightMode" time="16.605"/>
  <system-out/>
  <testcase classname="com.ixfi.testcases.SignUpPageTest" name="verifyCreateAccountByPhoneFunctionalityTest" time="8.808"/>
  <system-out/>
  <testcase classname="com.ixfi.testcases.SignUpPageTest" name="verifyCreateAccountByEmailFunctionalityTest" time="19.047"/>
  <system-out/>
  <testcase classname="com.ixfi.testcases.SignUpPageTest" name="verifyCreateAccountButtonRemainsDisabledUntilTermsAndConditionsAcceptanceTest" time="9.098"/>
  <system-out/>
  <testcase classname="com.ixfi.testcases.SignUpPageTest" name="verifyThatUserIsNavigatedToLoginPageAfterClickinOnLoginLinkPresentOnSignUpPageTest" time="12.904"/>
  <system-out/>
  <testcase classname="com.ixfi.testcases.SignUpPageTest" name="verifyUserIsNavigatedBackToTheHomePageByClickingOnIxfiLogo" time="16.865"/>
  <system-out/>
</testsuite> <!-- com.ixfi.testcases.SignUpPageTest -->
