<?xml version="1.0" encoding="UTF-8"?>
<!-- Generated by org.testng.reporters.JUnitReportReporter -->
<testsuite hostname="DESKTOP-O9O0H4Q" failures="0" tests="7" name="com.ixfi.testcases.StatusPageTest" time="162.494" errors="0" timestamp="2025-05-22T12:34:04 IST" skipped="0">
  <testcase classname="com.ixfi.testcases.StatusPageTest" name="validateWalletSectionTableData_CurrentStateByServices" time="28.647"/>
  <system-out/>
  <testcase classname="com.ixfi.testcases.StatusPageTest" name="verifyTheAllProgrammSectionTableData_CurrentStateByServices" time="22.260"/>
  <system-out/>
  <testcase classname="com.ixfi.testcases.StatusPageTest" name="verifyThatUserIsAbleToClickOnAllProgramSection" time="15.597"/>
  <system-out/>
  <testcase classname="com.ixfi.testcases.StatusPageTest" name="validateTradeInfoSectionTableData_CurrentStateByServicesUpdated" time="32.499"/>
  <system-out/>
  <testcase classname="com.ixfi.testcases.StatusPageTest" name="verifyThatUserIsAbleToClickOnSystemStatusLinkAndNavigatesToTheStatusPage" time="18.000"/>
  <system-out/>
  <testcase classname="com.ixfi.testcases.StatusPageTest" name="checkTotalCountOfWalletPages" time="24.737"/>
  <system-out/>
  <testcase classname="com.ixfi.testcases.StatusPageTest" name="verifyThatUserIsAbleToNavigateToTheTradeInfoSection" time="20.754"/>
  <system-out/>
</testsuite> <!-- com.ixfi.testcases.StatusPageTest -->
